<?xml version="1.0" encoding="UTF-8"?>
<coverage generated="1787289741936" clover="3.2.0">
  <project timestamp="1787289741936" name="All files">
    <metrics statements="212" coveredstatements="185" conditionals="130" coveredconditionals="102" methods="70" coveredmethods="53" elements="412" coveredelements="340" complexity="0" loc="212" ncloc="212" packages="10" files="22" classes="22"/>
    <package name="assets">
      <metrics statements="0" coveredstatements="0" conditionals="0" coveredconditionals="0" methods="0" coveredmethods="0"/>
      <file name="logo_icon.png" path="/home/maxi/proyectos/Primetech/frontend/src/assets/logo_icon.png">
        <metrics statements="0" coveredstatements="0" conditionals="0" coveredconditionals="0" methods="0" coveredmethods="0"/>
      </file>
      <file name="logo_text.png" path="/home/maxi/proyectos/Primetech/frontend/src/assets/logo_text.png">
        <metrics statements="0" coveredstatements="0" conditionals="0" coveredconditionals="0" methods="0" coveredmethods="0"/>
      </file>
    </package>
    <package name="components.cart">
      <metrics statements="19" coveredstatements="15" conditionals="13" coveredconditionals="10" methods="9" coveredmethods="5"/>
      <file name="CartItemCard.tsx" path="/home/maxi/proyectos/Primetech/frontend/src/components/cart/CartItemCard.tsx">
        <metrics statements="10" coveredstatements="6" conditionals="7" coveredconditionals="5" methods="5" coveredmethods="1"/>
        <line num="11" count="2" type="stmt"/>
        <line num="12" count="3" type="stmt"/>
        <line num="15" count="3" type="cond" truecount="3" falsecount="0"/>
        <line num="19" count="3" type="cond" truecount="1" falsecount="1"/>
        <line num="20" count="3" type="cond" truecount="1" falsecount="1"/>
        <line num="22" count="3" type="stmt"/>
        <line num="34" count="0" type="stmt"/>
        <line num="61" count="0" type="stmt"/>
        <line num="73" count="0" type="stmt"/>
        <line num="83" count="0" type="stmt"/>
      </file>
      <file name="CartSummary.tsx" path="/home/maxi/proyectos/Primetech/frontend/src/components/cart/CartSummary.tsx">
        <metrics statements="4" coveredstatements="4" conditionals="4" coveredconditionals="3" methods="2" coveredmethods="2"/>
        <line num="13" count="2" type="stmt"/>
        <line num="20" count="6" type="stmt"/>
        <line num="22" count="6" type="stmt"/>
        <line num="35" count="3" type="stmt"/>
      </file>
      <file name="ClearCartModal.tsx" path="/home/maxi/proyectos/Primetech/frontend/src/components/cart/ClearCartModal.tsx">
        <metrics statements="3" coveredstatements="3" conditionals="2" coveredconditionals="2" methods="1" coveredmethods="1"/>
        <line num="10" count="2" type="stmt"/>
        <line num="11" count="6" type="cond" truecount="2" falsecount="0"/>
        <line num="13" count="2" type="stmt"/>
      </file>
      <file name="EmptyCart.tsx" path="/home/maxi/proyectos/Primetech/frontend/src/components/cart/EmptyCart.tsx">
        <metrics statements="2" coveredstatements="2" conditionals="0" coveredconditionals="0" methods="1" coveredmethods="1"/>
        <line num="5" count="1" type="stmt"/>
        <line num="6" count="2" type="stmt"/>
      </file>
    </package>
    <package name="components.common">
      <metrics statements="10" coveredstatements="10" conditionals="8" coveredconditionals="8" methods="1" coveredmethods="1"/>
      <file name="Button.tsx" path="/home/maxi/proyectos/Primetech/frontend/src/components/common/Button.tsx">
        <metrics statements="10" coveredstatements="10" conditionals="8" coveredconditionals="8" methods="1" coveredmethods="1"/>
        <line num="10" count="4" type="stmt"/>
        <line num="18" count="13" type="stmt"/>
        <line num="20" count="13" type="cond" truecount="3" falsecount="0"/>
        <line num="22" count="7" type="stmt"/>
        <line num="24" count="7" type="stmt"/>
        <line num="26" count="4" type="stmt"/>
        <line num="28" count="4" type="stmt"/>
        <line num="30" count="2" type="stmt"/>
        <line num="32" count="2" type="stmt"/>
        <line num="35" count="13" type="stmt"/>
      </file>
    </package>
    <package name="components.filters">
      <metrics statements="6" coveredstatements="5" conditionals="10" coveredconditionals="7" methods="3" coveredmethods="2"/>
      <file name="FilterSidebar.tsx" path="/home/maxi/proyectos/Primetech/frontend/src/components/filters/FilterSidebar.tsx">
        <metrics statements="6" coveredstatements="5" conditionals="10" coveredconditionals="7" methods="3" coveredmethods="2"/>
        <line num="4" count="2" type="stmt"/>
        <line num="5" count="6" type="stmt"/>
        <line num="6" count="6" type="stmt"/>
        <line num="8" count="6" type="stmt"/>
        <line num="29" count="1" type="cond" truecount="1" falsecount="1"/>
        <line num="41" count="0" type="cond" truecount="0" falsecount="2"/>
      </file>
    </package>
    <package name="components.products">
      <metrics statements="59" coveredstatements="49" conditionals="62" coveredconditionals="49" methods="22" coveredmethods="14"/>
      <file name="ProductCard.tsx" path="/home/maxi/proyectos/Primetech/frontend/src/components/products/ProductCard.tsx">
        <metrics statements="7" coveredstatements="5" conditionals="13" coveredconditionals="13" methods="3" coveredmethods="1"/>
        <line num="10" count="3" type="stmt"/>
        <line num="11" count="5" type="stmt"/>
        <line num="12" count="5" type="cond" truecount="2" falsecount="0"/>
        <line num="14" count="5" type="cond" truecount="3" falsecount="0"/>
        <line num="18" count="5" type="stmt"/>
        <line num="27" count="0" type="stmt"/>
        <line num="79" count="0" type="stmt"/>
      </file>
      <file name="ProductDescription.tsx" path="/home/maxi/proyectos/Primetech/frontend/src/components/products/ProductDescription.tsx">
        <metrics statements="2" coveredstatements="2" conditionals="2" coveredconditionals="2" methods="1" coveredmethods="1"/>
        <line num="5" count="2" type="stmt"/>
        <line num="6" count="3" type="stmt"/>
      </file>
      <file name="ProductGallery.tsx" path="/home/maxi/proyectos/Primetech/frontend/src/components/products/ProductGallery.tsx">
        <metrics statements="24" coveredstatements="21" conditionals="23" coveredconditionals="14" methods="11" coveredmethods="8"/>
        <line num="11" count="2" type="stmt"/>
        <line num="13" count="2" type="cond" truecount="1" falsecount="0"/>
        <line num="14" count="8" type="cond" truecount="1" falsecount="1"/>
        <line num="16" count="8" type="cond" truecount="1" falsecount="2"/>
        <line num="18" count="8" type="stmt"/>
        <line num="20" count="8" type="stmt"/>
        <line num="21" count="3" type="cond" truecount="1" falsecount="2"/>
        <line num="22" count="3" type="stmt"/>
        <line num="25" count="12" type="stmt"/>
        <line num="27" count="8" type="stmt"/>
        <line num="28" count="1" type="cond" truecount="1" falsecount="1"/>
        <line num="29" count="1" type="stmt"/>
        <line num="30" count="1" type="stmt"/>
        <line num="33" count="8" type="stmt"/>
        <line num="34" count="1" type="cond" truecount="1" falsecount="1"/>
        <line num="35" count="1" type="stmt"/>
        <line num="36" count="1" type="stmt"/>
        <line num="39" count="8" type="stmt"/>
        <line num="47" count="0" type="stmt"/>
        <line num="62" count="15" type="stmt"/>
        <line num="64" count="0" type="stmt"/>
        <line num="86" count="15" type="stmt"/>
        <line num="88" count="1" type="stmt"/>
        <line num="99" count="0" type="stmt"/>
      </file>
      <file name="ProductGrid.tsx" path="/home/maxi/proyectos/Primetech/frontend/src/components/products/ProductGrid.tsx">
        <metrics statements="9" coveredstatements="9" conditionals="6" coveredconditionals="6" methods="2" coveredmethods="2"/>
        <line num="11" count="2" type="stmt"/>
        <line num="12" count="7" type="cond" truecount="2" falsecount="0"/>
        <line num="13" count="2" type="stmt"/>
        <line num="21" count="5" type="cond" truecount="2" falsecount="0"/>
        <line num="22" count="1" type="stmt"/>
        <line num="30" count="4" type="cond" truecount="2" falsecount="0"/>
        <line num="31" count="2" type="stmt"/>
        <line num="39" count="2" type="stmt"/>
        <line num="48" count="2" type="stmt"/>
      </file>
      <file name="ProductInfo.tsx" path="/home/maxi/proyectos/Primetech/frontend/src/components/products/ProductInfo.tsx">
        <metrics statements="17" coveredstatements="12" conditionals="18" coveredconditionals="14" methods="5" coveredmethods="2"/>
        <line num="22" count="2" type="stmt"/>
        <line num="23" count="5" type="stmt"/>
        <line num="24" count="5" type="stmt"/>
        <line num="25" count="5" type="stmt"/>
        <line num="26" count="5" type="stmt"/>
        <line num="28" count="5" type="stmt"/>
        <line num="29" count="0" type="cond" truecount="0" falsecount="2"/>
        <line num="30" count="0" type="stmt"/>
        <line num="34" count="5" type="stmt"/>
        <line num="35" count="1" type="cond" truecount="1" falsecount="1"/>
        <line num="36" count="1" type="stmt"/>
        <line num="40" count="5" type="stmt"/>
        <line num="41" count="5" type="stmt"/>
        <line num="43" count="5" type="stmt"/>
        <line num="160" count="0" type="stmt"/>
        <line num="184" count="0" type="stmt"/>
        <line num="185" count="0" type="stmt"/>
      </file>
    </package>
    <package name="contexts">
      <metrics statements="54" coveredstatements="47" conditionals="19" coveredconditionals="12" methods="17" coveredmethods="17"/>
      <file name="CartContext.tsx" path="/home/maxi/proyectos/Primetech/frontend/src/contexts/CartContext.tsx">
        <metrics statements="54" coveredstatements="47" conditionals="19" coveredconditionals="12" methods="17" coveredmethods="17"/>
        <line num="5" count="8" type="stmt"/>
        <line num="7" count="8" type="stmt"/>
        <line num="9" count="8" type="stmt"/>
        <line num="10" count="35" type="stmt"/>
        <line num="11" count="25" type="stmt"/>
        <line num="12" count="25" type="stmt"/>
        <line num="13" count="25" type="cond" truecount="2" falsecount="0"/>
        <line num="15" count="0" type="stmt"/>
        <line num="16" count="0" type="stmt"/>
        <line num="20" count="35" type="stmt"/>
        <line num="21" count="35" type="stmt"/>
        <line num="22" count="35" type="stmt"/>
        <line num="24" count="0" type="stmt"/>
        <line num="28" count="35" type="cond" truecount="1" falsecount="0"/>
        <line num="29" count="8" type="stmt"/>
        <line num="30" count="8" type="stmt"/>
        <line num="31" count="8" type="cond" truecount="2" falsecount="0"/>
        <line num="32" count="1" type="stmt"/>
        <line num="33" count="1" type="stmt"/>
        <line num="34" count="1" type="stmt"/>
        <line num="35" count="1" type="stmt"/>
        <line num="39" count="1" type="stmt"/>
        <line num="41" count="7" type="cond" truecount="1" falsecount="1"/>
        <line num="42" count="7" type="stmt"/>
        <line num="47" count="35" type="stmt"/>
        <line num="48" count="3" type="stmt"/>
        <line num="51" count="35" type="stmt"/>
        <line num="52" count="2" type="cond" truecount="2" falsecount="0"/>
        <line num="53" count="1" type="stmt"/>
        <line num="54" count="1" type="stmt"/>
        <line num="56" count="1" type="stmt"/>
        <line num="57" count="1" type="stmt"/>
        <line num="58" count="1" type="cond" truecount="1" falsecount="1"/>
        <line num="59" count="1" type="cond" truecount="1" falsecount="1"/>
        <line num="60" count="1" type="stmt"/>
        <line num="62" count="0" type="stmt"/>
        <line num="67" count="35" type="stmt"/>
        <line num="68" count="1" type="stmt"/>
        <line num="69" count="1" type="stmt"/>
        <line num="70" count="1" type="stmt"/>
        <line num="72" count="0" type="stmt"/>
        <line num="76" count="35" type="stmt"/>
        <line num="78" count="35" type="stmt"/>
        <line num="80" count="35" type="stmt"/>
        <line num="81" count="9" type="cond" truecount="1" falsecount="1"/>
        <line num="82" count="0" type="cond" truecount="0" falsecount="2"/>
        <line num="85" count="9" type="stmt"/>
        <line num="88" count="35" type="stmt"/>
        <line num="90" count="35" type="stmt"/>
        <line num="109" count="8" type="stmt"/>
        <line num="110" count="46" type="stmt"/>
        <line num="111" count="46" type="cond" truecount="1" falsecount="1"/>
        <line num="112" count="0" type="stmt"/>
        <line num="114" count="46" type="stmt"/>
      </file>
    </package>
    <package name="hooks">
      <metrics statements="36" coveredstatements="36" conditionals="2" coveredconditionals="2" methods="6" coveredmethods="6"/>
      <file name="useProductDetail.ts" path="/home/maxi/proyectos/Primetech/frontend/src/hooks/useProductDetail.ts">
        <metrics statements="20" coveredstatements="20" conditionals="2" coveredconditionals="2" methods="3" coveredmethods="3"/>
        <line num="5" count="2" type="stmt"/>
        <line num="6" count="11" type="stmt"/>
        <line num="7" count="11" type="stmt"/>
        <line num="8" count="11" type="stmt"/>
        <line num="10" count="11" type="stmt"/>
        <line num="11" count="6" type="cond" truecount="2" falsecount="0"/>
        <line num="12" count="1" type="stmt"/>
        <line num="13" count="1" type="stmt"/>
        <line num="14" count="1" type="stmt"/>
        <line num="17" count="5" type="stmt"/>
        <line num="18" count="5" type="stmt"/>
        <line num="19" count="5" type="stmt"/>
        <line num="20" count="5" type="stmt"/>
        <line num="21" count="5" type="stmt"/>
        <line num="22" count="2" type="stmt"/>
        <line num="24" count="2" type="stmt"/>
        <line num="25" count="2" type="stmt"/>
        <line num="27" count="4" type="stmt"/>
        <line num="31" count="5" type="stmt"/>
        <line num="34" count="11" type="stmt"/>
      </file>
      <file name="useProducts.ts" path="/home/maxi/proyectos/Primetech/frontend/src/hooks/useProducts.ts">
        <metrics statements="16" coveredstatements="16" conditionals="0" coveredconditionals="0" methods="3" coveredmethods="3"/>
        <line num="5" count="1" type="stmt"/>
        <line num="6" count="4" type="stmt"/>
        <line num="7" count="4" type="stmt"/>
        <line num="8" count="4" type="stmt"/>
        <line num="10" count="4" type="stmt"/>
        <line num="11" count="2" type="stmt"/>
        <line num="12" count="2" type="stmt"/>
        <line num="13" count="2" type="stmt"/>
        <line num="14" count="2" type="stmt"/>
        <line num="15" count="1" type="stmt"/>
        <line num="17" count="1" type="stmt"/>
        <line num="18" count="1" type="stmt"/>
        <line num="20" count="2" type="stmt"/>
        <line num="24" count="4" type="stmt"/>
        <line num="25" count="2" type="stmt"/>
        <line num="28" count="4" type="stmt"/>
      </file>
    </package>
    <package name="layouts">
      <metrics statements="7" coveredstatements="6" conditionals="2" coveredconditionals="2" methods="3" coveredmethods="2"/>
      <file name="Footer.tsx" path="/home/maxi/proyectos/Primetech/frontend/src/layouts/Footer.tsx">
        <metrics statements="2" coveredstatements="2" conditionals="0" coveredconditionals="0" methods="1" coveredmethods="1"/>
        <line num="3" count="3" type="stmt"/>
        <line num="4" count="12" type="stmt"/>
      </file>
      <file name="Navbar.tsx" path="/home/maxi/proyectos/Primetech/frontend/src/layouts/Navbar.tsx">
        <metrics statements="5" coveredstatements="4" conditionals="2" coveredconditionals="2" methods="2" coveredmethods="1"/>
        <line num="8" count="3" type="stmt"/>
        <line num="9" count="12" type="stmt"/>
        <line num="10" count="12" type="stmt"/>
        <line num="14" count="12" type="stmt"/>
        <line num="44" count="0" type="stmt"/>
      </file>
    </package>
    <package name="pages">
      <metrics statements="19" coveredstatements="15" conditionals="14" coveredconditionals="12" methods="8" coveredmethods="5"/>
      <file name="CartPage.tsx" path="/home/maxi/proyectos/Primetech/frontend/src/pages/CartPage.tsx">
        <metrics statements="12" coveredstatements="8" conditionals="4" coveredconditionals="4" methods="6" coveredmethods="3"/>
        <line num="10" count="1" type="stmt"/>
        <line num="11" count="4" type="stmt"/>
        <line num="12" count="4" type="stmt"/>
        <line num="14" count="4" type="stmt"/>
        <line num="15" count="0" type="stmt"/>
        <line num="16" count="0" type="stmt"/>
        <line num="19" count="4" type="stmt"/>
        <line num="20" count="0" type="stmt"/>
        <line num="23" count="4" type="stmt"/>
        <line num="49" count="1" type="stmt"/>
        <line num="64" count="2" type="stmt"/>
        <line num="90" count="0" type="stmt"/>
      </file>
      <file name="CatalogPage.tsx" path="/home/maxi/proyectos/Primetech/frontend/src/pages/CatalogPage.tsx">
        <metrics statements="3" coveredstatements="3" conditionals="0" coveredconditionals="0" methods="1" coveredmethods="1"/>
        <line num="7" count="1" type="stmt"/>
        <line num="8" count="3" type="stmt"/>
        <line num="10" count="3" type="stmt"/>
      </file>
      <file name="ProductDetailPage.tsx" path="/home/maxi/proyectos/Primetech/frontend/src/pages/ProductDetailPage.tsx">
        <metrics statements="4" coveredstatements="4" conditionals="10" coveredconditionals="8" methods="1" coveredmethods="1"/>
        <line num="10" count="1" type="stmt"/>
        <line num="11" count="5" type="stmt"/>
        <line num="12" count="5" type="stmt"/>
        <line num="14" count="5" type="stmt"/>
      </file>
    </package>
    <package name="utils">
      <metrics statements="2" coveredstatements="2" conditionals="0" coveredconditionals="0" methods="1" coveredmethods="1"/>
      <file name="formatCurrency.ts" path="/home/maxi/proyectos/Primetech/frontend/src/utils/formatCurrency.ts">
        <metrics statements="2" coveredstatements="2" conditionals="0" coveredconditionals="0" methods="1" coveredmethods="1"/>
        <line num="1" count="9" type="stmt"/>
        <line num="2" count="50" type="stmt"/>
      </file>
    </package>
  </project>
</coverage>
