<?xml version="1.0" encoding="UTF-8"?>
<coverage generated="1786583270596" clover="3.2.0">
  <project timestamp="1786583270596" name="All files">
    <metrics statements="38" coveredstatements="36" conditionals="29" coveredconditionals="26" methods="11" coveredmethods="9" elements="78" coveredelements="71" complexity="0" loc="38" ncloc="38" packages="4" files="5" classes="5"/>
    <package name="components.filters">
      <metrics statements="6" coveredstatements="5" conditionals="10" coveredconditionals="7" methods="3" coveredmethods="2"/>
      <file name="FilterSidebar.tsx" path="/home/maxi/proyectos/Primetech/frontend/src/components/filters/FilterSidebar.tsx">
        <metrics statements="6" coveredstatements="5" conditionals="10" coveredconditionals="7" methods="3" coveredmethods="2"/>
        <line num="4" count="1" type="stmt"/>
        <line num="5" count="3" type="stmt"/>
        <line num="6" count="3" type="stmt"/>
        <line num="8" count="3" type="stmt"/>
        <line num="29" count="1" type="cond" truecount="1" falsecount="1"/>
        <line num="41" count="0" type="cond" truecount="0" falsecount="2"/>
      </file>
    </package>
    <package name="components.products">
      <metrics statements="14" coveredstatements="13" conditionals="19" coveredconditionals="19" methods="4" coveredmethods="3"/>
      <file name="ProductCard.tsx" path="/home/maxi/proyectos/Primetech/frontend/src/components/products/ProductCard.tsx">
        <metrics statements="5" coveredstatements="4" conditionals="13" coveredconditionals="13" methods="2" coveredmethods="1"/>
        <line num="8" count="2" type="stmt"/>
        <line num="9" count="4" type="cond" truecount="2" falsecount="0"/>
        <line num="11" count="4" type="cond" truecount="3" falsecount="0"/>
        <line num="15" count="4" type="stmt"/>
        <line num="24" count="0" type="stmt"/>
      </file>
      <file name="ProductGrid.tsx" path="/home/maxi/proyectos/Primetech/frontend/src/components/products/ProductGrid.tsx">
        <metrics statements="9" coveredstatements="9" conditionals="6" coveredconditionals="6" methods="2" coveredmethods="2"/>
        <line num="11" count="1" type="stmt"/>
        <line num="12" count="4" type="cond" truecount="2" falsecount="0"/>
        <line num="13" count="1" type="stmt"/>
        <line num="21" count="3" type="cond" truecount="2" falsecount="0"/>
        <line num="22" count="1" type="stmt"/>
        <line num="30" count="2" type="cond" truecount="2" falsecount="0"/>
        <line num="31" count="1" type="stmt"/>
        <line num="39" count="1" type="stmt"/>
        <line num="48" count="1" type="stmt"/>
      </file>
    </package>
    <package name="hooks">
      <metrics statements="16" coveredstatements="16" conditionals="0" coveredconditionals="0" methods="3" coveredmethods="3"/>
      <file name="useProducts.ts" path="/home/maxi/proyectos/Primetech/frontend/src/hooks/useProducts.ts">
        <metrics statements="16" coveredstatements="16" conditionals="0" coveredconditionals="0" methods="3" coveredmethods="3"/>
        <line num="5" count="1" type="stmt"/>
        <line num="6" count="4" type="stmt"/>
        <line num="7" count="4" type="stmt"/>
        <line num="8" count="4" type="stmt"/>
        <line num="10" count="4" type="stmt"/>
        <line num="11" count="2" type="stmt"/>
        <line num="12" count="2" type="stmt"/>
        <line num="13" count="2" type="stmt"/>
        <line num="14" count="2" type="stmt"/>
        <line num="15" count="1" type="stmt"/>
        <line num="17" count="1" type="stmt"/>
        <line num="18" count="1" type="stmt"/>
        <line num="20" count="2" type="stmt"/>
        <line num="24" count="4" type="stmt"/>
        <line num="25" count="2" type="stmt"/>
        <line num="28" count="4" type="stmt"/>
      </file>
    </package>
    <package name="utils">
      <metrics statements="2" coveredstatements="2" conditionals="0" coveredconditionals="0" methods="1" coveredmethods="1"/>
      <file name="formatCurrency.ts" path="/home/maxi/proyectos/Primetech/frontend/src/utils/formatCurrency.ts">
        <metrics statements="2" coveredstatements="2" conditionals="0" coveredconditionals="0" methods="1" coveredmethods="1"/>
        <line num="1" count="3" type="stmt"/>
        <line num="2" count="13" type="stmt"/>
      </file>
    </package>
  </project>
</coverage>
