{"/home/maxi/proyectos/Primetech/frontend/src/components/filters/FilterSidebar.tsx": {"path":"/home/maxi/proyectos/Primetech/frontend/src/components/filters/FilterSidebar.tsx","statementMap":{"0":{"start":{"line":4,"column":13},"end":{"line":82,"column":null}},"1":{"start":{"line":5,"column":42},"end":{"line":5,"column":null}},"2":{"start":{"line":6,"column":48},"end":{"line":6,"column":null}},"3":{"start":{"line":8,"column":2},"end":{"line":80,"column":null}},"4":{"start":{"line":29,"column":29},"end":{"line":29,"column":null}},"5":{"start":{"line":41,"column":89},"end":{"line":41,"column":null}}},"fnMap":{"0":{"name":"(anonymous_0)","decl":{"start":{"line":4,"column":13},"end":{"line":4,"column":35}},"loc":{"start":{"line":4,"column":35},"end":{"line":82,"column":null}},"line":4},"1":{"name":"(anonymous_1)","decl":{"start":{"line":29,"column":14},"end":{"line":29,"column":29}},"loc":{"start":{"line":29,"column":29},"end":{"line":29,"column":null}},"line":29},"2":{"name":"(anonymous_2)","decl":{"start":{"line":41,"column":74},"end":{"line":41,"column":89}},"loc":{"start":{"line":41,"column":89},"end":{"line":41,"column":null}},"line":41}},"branchMap":{"0":{"loc":{"start":{"line":29,"column":45},"end":{"line":29,"column":100}},"type":"cond-expr","locations":[{"start":{"line":29,"column":79},"end":{"line":29,"column":86}},{"start":{"line":29,"column":86},"end":{"line":29,"column":100}}],"line":29},"1":{"loc":{"start":{"line":33,"column":78},"end":{"line":33,"column":134}},"type":"cond-expr","locations":[{"start":{"line":33,"column":112},"end":{"line":33,"column":127}},{"start":{"line":33,"column":127},"end":{"line":33,"column":134}}],"line":33},"2":{"loc":{"start":{"line":36,"column":13},"end":{"line":57,"column":null}},"type":"binary-expr","locations":[{"start":{"line":36,"column":13},"end":{"line":36,"column":null}},{"start":{"line":37,"column":14},"end":{"line":57,"column":null}}],"line":36},"3":{"loc":{"start":{"line":41,"column":108},"end":{"line":41,"column":148}},"type":"cond-expr","locations":[{"start":{"line":41,"column":136},"end":{"line":41,"column":143}},{"start":{"line":41,"column":143},"end":{"line":41,"column":148}}],"line":41},"4":{"loc":{"start":{"line":45,"column":19},"end":{"line":54,"column":null}},"type":"binary-expr","locations":[{"start":{"line":45,"column":19},"end":{"line":45,"column":null}},{"start":{"line":46,"column":20},"end":{"line":54,"column":null}}],"line":45}},"s":{"0":1,"1":3,"2":3,"3":3,"4":1,"5":0},"f":{"0":3,"1":1,"2":0},"b":{"0":[1,0],"1":[2,1],"2":[3,2],"3":[0,0],"4":[2,2]},"meta":{"lastBranch":5,"lastFunction":3,"lastStatement":6,"seen":{"s:4:13:82:Infinity":0,"f:4:13:4:35":0,"s:5:42:5:Infinity":1,"s:6:48:6:Infinity":2,"s:8:2:80:Infinity":3,"f:29:14:29:29":1,"s:29:29:29:Infinity":4,"b:29:79:29:86:29:86:29:100":0,"b:33:112:33:127:33:127:33:134":1,"b:36:13:36:Infinity:37:14:57:Infinity":2,"f:41:74:41:89":2,"s:41:89:41:Infinity":5,"b:41:136:41:143:41:143:41:148":3,"b:45:19:45:Infinity:46:20:54:Infinity":4},"fnNames":{}}}
,"/home/maxi/proyectos/Primetech/frontend/src/components/products/ProductCard.tsx": {"path":"/home/maxi/proyectos/Primetech/frontend/src/components/products/ProductCard.tsx","statementMap":{"0":{"start":{"line":8,"column":13},"end":{"line":91,"column":null}},"1":{"start":{"line":9,"column":23},"end":{"line":9,"column":null}},"2":{"start":{"line":11,"column":4},"end":{"line":13,"column":null}},"3":{"start":{"line":15,"column":2},"end":{"line":89,"column":null}},"4":{"start":{"line":24,"column":12},"end":{"line":24,"column":null}}},"fnMap":{"0":{"name":"(anonymous_0)","decl":{"start":{"line":8,"column":13},"end":{"line":8,"column":28}},"loc":{"start":{"line":8,"column":62},"end":{"line":91,"column":null}},"line":8},"1":{"name":"(anonymous_1)","decl":{"start":{"line":22,"column":10},"end":{"line":22,"column":20}},"loc":{"start":{"line":22,"column":26},"end":{"line":25,"column":null}},"line":22}},"branchMap":{"0":{"loc":{"start":{"line":9,"column":23},"end":{"line":9,"column":null}},"type":"binary-expr","locations":[{"start":{"line":9,"column":23},"end":{"line":9,"column":45}},{"start":{"line":9,"column":45},"end":{"line":9,"column":null}}],"line":9},"1":{"loc":{"start":{"line":11,"column":4},"end":{"line":13,"column":null}},"type":"binary-expr","locations":[{"start":{"line":11,"column":4},"end":{"line":11,"column":null}},{"start":{"line":12,"column":4},"end":{"line":12,"column":null}},{"start":{"line":13,"column":4},"end":{"line":13,"column":null}}],"line":11},"2":{"loc":{"start":{"line":28,"column":9},"end":{"line":33,"column":null}},"type":"binary-expr","locations":[{"start":{"line":28,"column":9},"end":{"line":28,"column":null}},{"start":{"line":29,"column":10},"end":{"line":33,"column":null}}],"line":28},"3":{"loc":{"start":{"line":44,"column":13},"end":{"line":49,"column":13}},"type":"binary-expr","locations":[{"start":{"line":44,"column":13},"end":{"line":44,"column":null}},{"start":{"line":45,"column":14},"end":{"line":49,"column":13}}],"line":44},"4":{"loc":{"start":{"line":56,"column":13},"end":{"line":65,"column":13}},"type":"cond-expr","locations":[{"start":{"line":57,"column":14},"end":{"line":61,"column":15}},{"start":{"line":61,"column":14},"end":{"line":65,"column":13}}],"line":56},"5":{"loc":{"start":{"line":80,"column":14},"end":{"line":82,"column":null}},"type":"cond-expr","locations":[{"start":{"line":81,"column":18},"end":{"line":81,"column":null}},{"start":{"line":82,"column":18},"end":{"line":82,"column":null}}],"line":80}},"s":{"0":2,"1":4,"2":4,"3":4,"4":0},"f":{"0":4,"1":0},"b":{"0":[4,3],"1":[4,1,1],"2":[4,3],"3":[4,3],"4":[1,3],"5":[1,3]},"meta":{"lastBranch":6,"lastFunction":2,"lastStatement":5,"seen":{"s:8:13:91:Infinity":0,"f:8:13:8:28":0,"s:9:23:9:Infinity":1,"b:9:23:9:45:9:45:9:Infinity":0,"s:11:4:13:Infinity":2,"b:11:4:11:Infinity:12:4:12:Infinity:13:4:13:Infinity":1,"s:15:2:89:Infinity":3,"f:22:10:22:20":1,"s:24:12:24:Infinity":4,"b:28:9:28:Infinity:29:10:33:Infinity":2,"b:44:13:44:Infinity:45:14:49:13":3,"b:57:14:61:15:61:14:65:13":4,"b:81:18:81:Infinity:82:18:82:Infinity":5},"fnNames":{}}}
,"/home/maxi/proyectos/Primetech/frontend/src/components/products/ProductGrid.tsx": {"path":"/home/maxi/proyectos/Primetech/frontend/src/components/products/ProductGrid.tsx","statementMap":{"0":{"start":{"line":11,"column":13},"end":{"line":53,"column":null}},"1":{"start":{"line":12,"column":2},"end":{"line":19,"column":null}},"2":{"start":{"line":13,"column":4},"end":{"line":17,"column":null}},"3":{"start":{"line":21,"column":2},"end":{"line":28,"column":null}},"4":{"start":{"line":22,"column":4},"end":{"line":26,"column":null}},"5":{"start":{"line":30,"column":2},"end":{"line":37,"column":null}},"6":{"start":{"line":31,"column":4},"end":{"line":35,"column":null}},"7":{"start":{"line":39,"column":2},"end":{"line":51,"column":null}},"8":{"start":{"line":48,"column":10},"end":{"line":48,"column":null}}},"fnMap":{"0":{"name":"(anonymous_0)","decl":{"start":{"line":11,"column":13},"end":{"line":11,"column":28}},"loc":{"start":{"line":11,"column":79},"end":{"line":53,"column":null}},"line":11},"1":{"name":"(anonymous_1)","decl":{"start":{"line":47,"column":18},"end":{"line":47,"column":23}},"loc":{"start":{"line":48,"column":10},"end":{"line":48,"column":null}},"line":48}},"branchMap":{"0":{"loc":{"start":{"line":12,"column":2},"end":{"line":19,"column":null}},"type":"if","locations":[{"start":{"line":12,"column":2},"end":{"line":19,"column":null}},{"start":{},"end":{}}],"line":12},"1":{"loc":{"start":{"line":21,"column":2},"end":{"line":28,"column":null}},"type":"if","locations":[{"start":{"line":21,"column":2},"end":{"line":28,"column":null}},{"start":{},"end":{}}],"line":21},"2":{"loc":{"start":{"line":30,"column":2},"end":{"line":37,"column":null}},"type":"if","locations":[{"start":{"line":30,"column":2},"end":{"line":37,"column":null}},{"start":{},"end":{}}],"line":30}},"s":{"0":1,"1":4,"2":1,"3":3,"4":1,"5":2,"6":1,"7":1,"8":1},"f":{"0":4,"1":1},"b":{"0":[1,3],"1":[1,2],"2":[1,1]},"meta":{"lastBranch":3,"lastFunction":2,"lastStatement":9,"seen":{"s:11:13:53:Infinity":0,"f:11:13:11:28":0,"b:12:2:19:Infinity:undefined:undefined:undefined:undefined":0,"s:12:2:19:Infinity":1,"s:13:4:17:Infinity":2,"b:21:2:28:Infinity:undefined:undefined:undefined:undefined":1,"s:21:2:28:Infinity":3,"s:22:4:26:Infinity":4,"b:30:2:37:Infinity:undefined:undefined:undefined:undefined":2,"s:30:2:37:Infinity":5,"s:31:4:35:Infinity":6,"s:39:2:51:Infinity":7,"f:47:18:47:23":1,"s:48:10:48:Infinity":8},"fnNames":{}}}
,"/home/maxi/proyectos/Primetech/frontend/src/hooks/useProducts.ts": {"path":"/home/maxi/proyectos/Primetech/frontend/src/hooks/useProducts.ts","statementMap":{"0":{"start":{"line":5,"column":13},"end":{"line":29,"column":null}},"1":{"start":{"line":6,"column":34},"end":{"line":6,"column":null}},"2":{"start":{"line":7,"column":32},"end":{"line":7,"column":null}},"3":{"start":{"line":8,"column":28},"end":{"line":8,"column":null}},"4":{"start":{"line":10,"column":24},"end":{"line":22,"column":null}},"5":{"start":{"line":11,"column":4},"end":{"line":21,"column":null}},"6":{"start":{"line":12,"column":6},"end":{"line":12,"column":null}},"7":{"start":{"line":13,"column":6},"end":{"line":13,"column":null}},"8":{"start":{"line":14,"column":19},"end":{"line":14,"column":null}},"9":{"start":{"line":15,"column":6},"end":{"line":15,"column":null}},"10":{"start":{"line":17,"column":6},"end":{"line":17,"column":null}},"11":{"start":{"line":18,"column":6},"end":{"line":18,"column":null}},"12":{"start":{"line":20,"column":6},"end":{"line":20,"column":null}},"13":{"start":{"line":24,"column":2},"end":{"line":26,"column":null}},"14":{"start":{"line":25,"column":4},"end":{"line":25,"column":null}},"15":{"start":{"line":28,"column":2},"end":{"line":28,"column":null}}},"fnMap":{"0":{"name":"(anonymous_0)","decl":{"start":{"line":5,"column":13},"end":{"line":5,"column":33}},"loc":{"start":{"line":5,"column":33},"end":{"line":29,"column":null}},"line":5},"1":{"name":"(anonymous_1)","decl":{"start":{"line":10,"column":24},"end":{"line":10,"column":36}},"loc":{"start":{"line":10,"column":36},"end":{"line":22,"column":null}},"line":10},"2":{"name":"(anonymous_2)","decl":{"start":{"line":24,"column":2},"end":{"line":24,"column":18}},"loc":{"start":{"line":24,"column":18},"end":{"line":26,"column":5}},"line":24}},"branchMap":{},"s":{"0":1,"1":4,"2":4,"3":4,"4":4,"5":2,"6":2,"7":2,"8":2,"9":1,"10":1,"11":1,"12":2,"13":4,"14":2,"15":4},"f":{"0":4,"1":2,"2":2},"b":{},"meta":{"lastBranch":0,"lastFunction":3,"lastStatement":16,"seen":{"s:5:13:29:Infinity":0,"f:5:13:5:33":0,"s:6:34:6:Infinity":1,"s:7:32:7:Infinity":2,"s:8:28:8:Infinity":3,"s:10:24:22:Infinity":4,"f:10:24:10:36":1,"s:11:4:21:Infinity":5,"s:12:6:12:Infinity":6,"s:13:6:13:Infinity":7,"s:14:19:14:Infinity":8,"s:15:6:15:Infinity":9,"s:17:6:17:Infinity":10,"s:18:6:18:Infinity":11,"s:20:6:20:Infinity":12,"s:24:2:26:Infinity":13,"f:24:2:24:18":2,"s:25:4:25:Infinity":14,"s:28:2:28:Infinity":15},"fnNames":{}}}
,"/home/maxi/proyectos/Primetech/frontend/src/utils/formatCurrency.ts": {"path":"/home/maxi/proyectos/Primetech/frontend/src/utils/formatCurrency.ts","statementMap":{"0":{"start":{"line":1,"column":13},"end":{"line":7,"column":null}},"1":{"start":{"line":2,"column":2},"end":{"line":6,"column":null}}},"fnMap":{"0":{"name":"(anonymous_0)","decl":{"start":{"line":1,"column":13},"end":{"line":1,"column":31}},"loc":{"start":{"line":1,"column":58},"end":{"line":7,"column":null}},"line":1}},"branchMap":{},"s":{"0":3,"1":13},"f":{"0":13},"b":{},"meta":{"lastBranch":0,"lastFunction":1,"lastStatement":2,"seen":{"s:1:13:7:Infinity":0,"f:1:13:1:31":0,"s:2:2:6:Infinity":1},"fnNames":{}}}
}
