{"/home/maxi/proyectos/Primetech/frontend/src/assets/logo_icon.png": {"path":"/home/maxi/proyectos/Primetech/frontend/src/assets/logo_icon.png","statementMap":{},"fnMap":{},"branchMap":{},"s":{},"f":{},"b":{},"meta":{"lastBranch":0,"lastFunction":0,"lastStatement":0,"seen":{},"fnNames":{}}}
,"/home/maxi/proyectos/Primetech/frontend/src/assets/logo_text.png": {"path":"/home/maxi/proyectos/Primetech/frontend/src/assets/logo_text.png","statementMap":{},"fnMap":{},"branchMap":{},"s":{},"f":{},"b":{},"meta":{"lastBranch":0,"lastFunction":0,"lastStatement":0,"seen":{},"fnNames":{}}}
,"/home/maxi/proyectos/Primetech/frontend/src/components/cart/CartItemCard.tsx": {"path":"/home/maxi/proyectos/Primetech/frontend/src/components/cart/CartItemCard.tsx","statementMap":{"0":{"start":{"line":11,"column":13},"end":{"line":100,"column":null}},"1":{"start":{"line":12,"column":45},"end":{"line":12,"column":53}},"2":{"start":{"line":15,"column":4},"end":{"line":17,"column":null}},"3":{"start":{"line":19,"column":8},"end":{"line":19,"column":null}},"4":{"start":{"line":20,"column":8},"end":{"line":20,"column":null}},"5":{"start":{"line":22,"column":2},"end":{"line":98,"column":null}},"6":{"start":{"line":34,"column":12},"end":{"line":35,"column":null}},"7":{"start":{"line":61,"column":25},"end":{"line":61,"column":null}},"8":{"start":{"line":73,"column":29},"end":{"line":73,"column":null}},"9":{"start":{"line":83,"column":29},"end":{"line":83,"column":null}}},"fnMap":{"0":{"name":"(anonymous_0)","decl":{"start":{"line":11,"column":13},"end":{"line":11,"column":29}},"loc":{"start":{"line":11,"column":61},"end":{"line":100,"column":null}},"line":11},"1":{"name":"(anonymous_1)","decl":{"start":{"line":33,"column":10},"end":{"line":33,"column":20}},"loc":{"start":{"line":33,"column":26},"end":{"line":36,"column":null}},"line":33},"2":{"name":"(anonymous_2)","decl":{"start":{"line":61,"column":10},"end":{"line":61,"column":25}},"loc":{"start":{"line":61,"column":25},"end":{"line":61,"column":null}},"line":61},"3":{"name":"(anonymous_3)","decl":{"start":{"line":73,"column":14},"end":{"line":73,"column":29}},"loc":{"start":{"line":73,"column":29},"end":{"line":73,"column":null}},"line":73},"4":{"name":"(anonymous_4)","decl":{"start":{"line":83,"column":14},"end":{"line":83,"column":29}},"loc":{"start":{"line":83,"column":29},"end":{"line":83,"column":null}},"line":83}},"branchMap":{"0":{"loc":{"start":{"line":15,"column":4},"end":{"line":17,"column":null}},"type":"binary-expr","locations":[{"start":{"line":15,"column":4},"end":{"line":15,"column":null}},{"start":{"line":16,"column":4},"end":{"line":16,"column":null}},{"start":{"line":17,"column":4},"end":{"line":17,"column":null}}],"line":15},"1":{"loc":{"start":{"line":19,"column":17},"end":{"line":19,"column":52}},"type":"binary-expr","locations":[{"start":{"line":19,"column":17},"end":{"line":19,"column":43}},{"start":{"line":19,"column":43},"end":{"line":19,"column":52}}],"line":19},"2":{"loc":{"start":{"line":20,"column":20},"end":{"line":20,"column":59}},"type":"binary-expr","locations":[{"start":{"line":20,"column":20},"end":{"line":20,"column":49}},{"start":{"line":20,"column":49},"end":{"line":20,"column":59}}],"line":20}},"s":{"0":2,"1":3,"2":3,"3":3,"4":3,"5":3,"6":0,"7":0,"8":0,"9":0},"f":{"0":3,"1":0,"2":0,"3":0,"4":0},"b":{"0":[3,2,2],"1":[3,0],"2":[3,0]},"meta":{"lastBranch":3,"lastFunction":5,"lastStatement":10,"seen":{"s:11:13:100:Infinity":0,"f:11:13:11:29":0,"s:12:45:12:53":1,"s:15:4:17:Infinity":2,"b:15:4:15:Infinity:16:4:16:Infinity:17:4:17:Infinity":0,"s:19:8:19:Infinity":3,"b:19:17:19:43:19:43:19:52":1,"s:20:8:20:Infinity":4,"b:20:20:20:49:20:49:20:59":2,"s:22:2:98:Infinity":5,"f:33:10:33:20":1,"s:34:12:35:Infinity":6,"f:61:10:61:25":2,"s:61:25:61:Infinity":7,"f:73:14:73:29":3,"s:73:29:73:Infinity":8,"f:83:14:83:29":4,"s:83:29:83:Infinity":9},"fnNames":{}}}
,"/home/maxi/proyectos/Primetech/frontend/src/components/cart/CartSummary.tsx": {"path":"/home/maxi/proyectos/Primetech/frontend/src/components/cart/CartSummary.tsx","statementMap":{"0":{"start":{"line":13,"column":13},"end":{"line":112,"column":null}},"1":{"start":{"line":20,"column":19},"end":{"line":20,"column":null}},"2":{"start":{"line":22,"column":2},"end":{"line":110,"column":null}},"3":{"start":{"line":35,"column":16},"end":{"line":42,"column":null}}},"fnMap":{"0":{"name":"(anonymous_0)","decl":{"start":{"line":13,"column":13},"end":{"line":13,"column":28}},"loc":{"start":{"line":19,"column":24},"end":{"line":112,"column":null}},"line":19},"1":{"name":"(anonymous_1)","decl":{"start":{"line":34,"column":21},"end":{"line":34,"column":26}},"loc":{"start":{"line":35,"column":16},"end":{"line":42,"column":null}},"line":35}},"branchMap":{"0":{"loc":{"start":{"line":30,"column":9},"end":{"line":109,"column":null}},"type":"cond-expr","locations":[{"start":{"line":31,"column":10},"end":{"line":89,"column":null}},{"start":{"line":89,"column":10},"end":{"line":109,"column":null}}],"line":30},"1":{"loc":{"start":{"line":58,"column":17},"end":{"line":58,"column":null}},"type":"cond-expr","locations":[{"start":{"line":58,"column":32},"end":{"line":58,"column":66}},{"start":{"line":58,"column":66},"end":{"line":58,"column":null}}],"line":58}},"s":{"0":2,"1":6,"2":6,"3":3},"f":{"0":6,"1":3},"b":{"0":[3,3],"1":[0,3]},"meta":{"lastBranch":2,"lastFunction":2,"lastStatement":4,"seen":{"s:13:13:112:Infinity":0,"f:13:13:13:28":0,"s:20:19:20:Infinity":1,"s:22:2:110:Infinity":2,"b:31:10:89:Infinity:89:10:109:Infinity":0,"f:34:21:34:26":1,"s:35:16:42:Infinity":3,"b:58:32:58:66:58:66:58:Infinity":1},"fnNames":{}}}
,"/home/maxi/proyectos/Primetech/frontend/src/components/cart/ClearCartModal.tsx": {"path":"/home/maxi/proyectos/Primetech/frontend/src/components/cart/ClearCartModal.tsx","statementMap":{"0":{"start":{"line":10,"column":13},"end":{"line":52,"column":null}},"1":{"start":{"line":11,"column":2},"end":{"line":11,"column":null}},"2":{"start":{"line":11,"column":15},"end":{"line":11,"column":null}},"3":{"start":{"line":13,"column":2},"end":{"line":50,"column":null}}},"fnMap":{"0":{"name":"(anonymous_0)","decl":{"start":{"line":10,"column":13},"end":{"line":10,"column":31}},"loc":{"start":{"line":10,"column":87},"end":{"line":52,"column":null}},"line":10}},"branchMap":{"0":{"loc":{"start":{"line":11,"column":2},"end":{"line":11,"column":null}},"type":"if","locations":[{"start":{"line":11,"column":2},"end":{"line":11,"column":null}},{"start":{},"end":{}}],"line":11}},"s":{"0":2,"1":6,"2":4,"3":2},"f":{"0":6},"b":{"0":[4,2]},"meta":{"lastBranch":1,"lastFunction":1,"lastStatement":4,"seen":{"s:10:13:52:Infinity":0,"f:10:13:10:31":0,"b:11:2:11:Infinity:undefined:undefined:undefined:undefined":0,"s:11:2:11:Infinity":1,"s:11:15:11:Infinity":2,"s:13:2:50:Infinity":3},"fnNames":{}}}
,"/home/maxi/proyectos/Primetech/frontend/src/components/cart/EmptyCart.tsx": {"path":"/home/maxi/proyectos/Primetech/frontend/src/components/cart/EmptyCart.tsx","statementMap":{"0":{"start":{"line":5,"column":13},"end":{"line":36,"column":null}},"1":{"start":{"line":6,"column":2},"end":{"line":34,"column":null}}},"fnMap":{"0":{"name":"(anonymous_0)","decl":{"start":{"line":5,"column":13},"end":{"line":5,"column":31}},"loc":{"start":{"line":5,"column":31},"end":{"line":36,"column":null}},"line":5}},"branchMap":{},"s":{"0":1,"1":2},"f":{"0":2},"b":{},"meta":{"lastBranch":0,"lastFunction":1,"lastStatement":2,"seen":{"s:5:13:36:Infinity":0,"f:5:13:5:31":0,"s:6:2:34:Infinity":1},"fnNames":{}}}
,"/home/maxi/proyectos/Primetech/frontend/src/components/common/Button.tsx": {"path":"/home/maxi/proyectos/Primetech/frontend/src/components/common/Button.tsx","statementMap":{"0":{"start":{"line":10,"column":13},"end":{"line":45,"column":null}},"1":{"start":{"line":18,"column":22},"end":{"line":18,"column":null}},"2":{"start":{"line":20,"column":2},"end":{"line":33,"column":null}},"3":{"start":{"line":22,"column":6},"end":{"line":23,"column":null}},"4":{"start":{"line":24,"column":6},"end":{"line":24,"column":null}},"5":{"start":{"line":26,"column":6},"end":{"line":27,"column":null}},"6":{"start":{"line":28,"column":6},"end":{"line":28,"column":null}},"7":{"start":{"line":30,"column":6},"end":{"line":31,"column":null}},"8":{"start":{"line":32,"column":6},"end":{"line":32,"column":null}},"9":{"start":{"line":35,"column":2},"end":{"line":43,"column":null}}},"fnMap":{"0":{"name":"(anonymous_0)","decl":{"start":{"line":10,"column":13},"end":{"line":10,"column":23}},"loc":{"start":{"line":17,"column":19},"end":{"line":45,"column":null}},"line":17}},"branchMap":{"0":{"loc":{"start":{"line":11,"column":2},"end":{"line":11,"column":null}},"type":"default-arg","locations":[{"start":{"line":11,"column":12},"end":{"line":11,"column":null}}],"line":11},"1":{"loc":{"start":{"line":12,"column":2},"end":{"line":12,"column":null}},"type":"default-arg","locations":[{"start":{"line":12,"column":14},"end":{"line":12,"column":null}}],"line":12},"2":{"loc":{"start":{"line":14,"column":2},"end":{"line":14,"column":null}},"type":"default-arg","locations":[{"start":{"line":14,"column":14},"end":{"line":14,"column":null}}],"line":14},"3":{"loc":{"start":{"line":20,"column":2},"end":{"line":33,"column":null}},"type":"switch","locations":[{"start":{"line":21,"column":4},"end":{"line":24,"column":null}},{"start":{"line":25,"column":4},"end":{"line":28,"column":null}},{"start":{"line":29,"column":4},"end":{"line":32,"column":null}}],"line":20},"4":{"loc":{"start":{"line":42,"column":7},"end":{"line":43,"column":null}},"type":"binary-expr","locations":[{"start":{"line":42,"column":7},"end":{"line":42,"column":20}},{"start":{"line":42,"column":20},"end":{"line":43,"column":null}}],"line":42}},"s":{"0":4,"1":13,"2":13,"3":7,"4":7,"5":4,"6":4,"7":2,"8":2,"9":13},"f":{"0":13},"b":{"0":[13],"1":[13],"2":[13],"3":[7,4,2],"4":[13,3]},"meta":{"lastBranch":5,"lastFunction":1,"lastStatement":10,"seen":{"s:10:13:45:Infinity":0,"f:10:13:10:23":0,"b:11:12:11:Infinity":0,"b:12:14:12:Infinity":1,"b:14:14:14:Infinity":2,"s:18:22:18:Infinity":1,"b:21:4:24:Infinity:25:4:28:Infinity:29:4:32:Infinity":3,"s:20:2:33:Infinity":2,"s:22:6:23:Infinity":3,"s:24:6:24:Infinity":4,"s:26:6:27:Infinity":5,"s:28:6:28:Infinity":6,"s:30:6:31:Infinity":7,"s:32:6:32:Infinity":8,"s:35:2:43:Infinity":9,"b:42:7:42:20:42:20:43:Infinity":4},"fnNames":{}}}
,"/home/maxi/proyectos/Primetech/frontend/src/components/filters/FilterSidebar.tsx": {"path":"/home/maxi/proyectos/Primetech/frontend/src/components/filters/FilterSidebar.tsx","statementMap":{"0":{"start":{"line":4,"column":13},"end":{"line":82,"column":null}},"1":{"start":{"line":5,"column":42},"end":{"line":5,"column":null}},"2":{"start":{"line":6,"column":48},"end":{"line":6,"column":null}},"3":{"start":{"line":8,"column":2},"end":{"line":80,"column":null}},"4":{"start":{"line":29,"column":29},"end":{"line":29,"column":null}},"5":{"start":{"line":41,"column":89},"end":{"line":41,"column":null}}},"fnMap":{"0":{"name":"(anonymous_0)","decl":{"start":{"line":4,"column":13},"end":{"line":4,"column":35}},"loc":{"start":{"line":4,"column":35},"end":{"line":82,"column":null}},"line":4},"1":{"name":"(anonymous_1)","decl":{"start":{"line":29,"column":14},"end":{"line":29,"column":29}},"loc":{"start":{"line":29,"column":29},"end":{"line":29,"column":null}},"line":29},"2":{"name":"(anonymous_2)","decl":{"start":{"line":41,"column":74},"end":{"line":41,"column":89}},"loc":{"start":{"line":41,"column":89},"end":{"line":41,"column":null}},"line":41}},"branchMap":{"0":{"loc":{"start":{"line":29,"column":45},"end":{"line":29,"column":100}},"type":"cond-expr","locations":[{"start":{"line":29,"column":79},"end":{"line":29,"column":86}},{"start":{"line":29,"column":86},"end":{"line":29,"column":100}}],"line":29},"1":{"loc":{"start":{"line":33,"column":78},"end":{"line":33,"column":134}},"type":"cond-expr","locations":[{"start":{"line":33,"column":112},"end":{"line":33,"column":127}},{"start":{"line":33,"column":127},"end":{"line":33,"column":134}}],"line":33},"2":{"loc":{"start":{"line":36,"column":13},"end":{"line":57,"column":null}},"type":"binary-expr","locations":[{"start":{"line":36,"column":13},"end":{"line":36,"column":null}},{"start":{"line":37,"column":14},"end":{"line":57,"column":null}}],"line":36},"3":{"loc":{"start":{"line":41,"column":108},"end":{"line":41,"column":148}},"type":"cond-expr","locations":[{"start":{"line":41,"column":136},"end":{"line":41,"column":143}},{"start":{"line":41,"column":143},"end":{"line":41,"column":148}}],"line":41},"4":{"loc":{"start":{"line":45,"column":19},"end":{"line":54,"column":null}},"type":"binary-expr","locations":[{"start":{"line":45,"column":19},"end":{"line":45,"column":null}},{"start":{"line":46,"column":20},"end":{"line":54,"column":null}}],"line":45}},"s":{"0":2,"1":6,"2":6,"3":6,"4":1,"5":0},"f":{"0":6,"1":1,"2":0},"b":{"0":[1,0],"1":[5,1],"2":[6,5],"3":[0,0],"4":[5,5]},"meta":{"lastBranch":5,"lastFunction":3,"lastStatement":6,"seen":{"s:4:13:82:Infinity":0,"f:4:13:4:35":0,"s:5:42:5:Infinity":1,"s:6:48:6:Infinity":2,"s:8:2:80:Infinity":3,"f:29:14:29:29":1,"s:29:29:29:Infinity":4,"b:29:79:29:86:29:86:29:100":0,"b:33:112:33:127:33:127:33:134":1,"b:36:13:36:Infinity:37:14:57:Infinity":2,"f:41:74:41:89":2,"s:41:89:41:Infinity":5,"b:41:136:41:143:41:143:41:148":3,"b:45:19:45:Infinity:46:20:54:Infinity":4},"fnNames":{}}}
,"/home/maxi/proyectos/Primetech/frontend/src/components/products/ProductCard.tsx": {"path":"/home/maxi/proyectos/Primetech/frontend/src/components/products/ProductCard.tsx","statementMap":{"0":{"start":{"line":10,"column":13},"end":{"line":93,"column":null}},"1":{"start":{"line":11,"column":24},"end":{"line":11,"column":32}},"2":{"start":{"line":12,"column":23},"end":{"line":12,"column":null}},"3":{"start":{"line":14,"column":4},"end":{"line":16,"column":null}},"4":{"start":{"line":18,"column":2},"end":{"line":91,"column":null}},"5":{"start":{"line":27,"column":12},"end":{"line":27,"column":null}},"6":{"start":{"line":79,"column":27},"end":{"line":79,"column":null}}},"fnMap":{"0":{"name":"(anonymous_0)","decl":{"start":{"line":10,"column":13},"end":{"line":10,"column":28}},"loc":{"start":{"line":10,"column":62},"end":{"line":93,"column":null}},"line":10},"1":{"name":"(anonymous_1)","decl":{"start":{"line":25,"column":10},"end":{"line":25,"column":20}},"loc":{"start":{"line":25,"column":26},"end":{"line":28,"column":null}},"line":25},"2":{"name":"(anonymous_2)","decl":{"start":{"line":79,"column":12},"end":{"line":79,"column":27}},"loc":{"start":{"line":79,"column":27},"end":{"line":79,"column":null}},"line":79}},"branchMap":{"0":{"loc":{"start":{"line":12,"column":23},"end":{"line":12,"column":null}},"type":"binary-expr","locations":[{"start":{"line":12,"column":23},"end":{"line":12,"column":45}},{"start":{"line":12,"column":45},"end":{"line":12,"column":null}}],"line":12},"1":{"loc":{"start":{"line":14,"column":4},"end":{"line":16,"column":null}},"type":"binary-expr","locations":[{"start":{"line":14,"column":4},"end":{"line":14,"column":null}},{"start":{"line":15,"column":4},"end":{"line":15,"column":null}},{"start":{"line":16,"column":4},"end":{"line":16,"column":null}}],"line":14},"2":{"loc":{"start":{"line":31,"column":9},"end":{"line":36,"column":null}},"type":"binary-expr","locations":[{"start":{"line":31,"column":9},"end":{"line":31,"column":null}},{"start":{"line":32,"column":10},"end":{"line":36,"column":null}}],"line":31},"3":{"loc":{"start":{"line":49,"column":13},"end":{"line":54,"column":13}},"type":"binary-expr","locations":[{"start":{"line":49,"column":13},"end":{"line":49,"column":null}},{"start":{"line":50,"column":14},"end":{"line":54,"column":13}}],"line":49},"4":{"loc":{"start":{"line":61,"column":13},"end":{"line":70,"column":13}},"type":"cond-expr","locations":[{"start":{"line":62,"column":14},"end":{"line":66,"column":15}},{"start":{"line":66,"column":14},"end":{"line":70,"column":13}}],"line":61},"5":{"loc":{"start":{"line":82,"column":14},"end":{"line":84,"column":null}},"type":"cond-expr","locations":[{"start":{"line":83,"column":18},"end":{"line":83,"column":null}},{"start":{"line":84,"column":18},"end":{"line":84,"column":null}}],"line":82}},"s":{"0":3,"1":5,"2":5,"3":5,"4":5,"5":0,"6":0},"f":{"0":5,"1":0,"2":0},"b":{"0":[5,4],"1":[5,2,2],"2":[5,3],"3":[5,3],"4":[1,4],"5":[1,4]},"meta":{"lastBranch":6,"lastFunction":3,"lastStatement":7,"seen":{"s:10:13:93:Infinity":0,"f:10:13:10:28":0,"s:11:24:11:32":1,"s:12:23:12:Infinity":2,"b:12:23:12:45:12:45:12:Infinity":0,"s:14:4:16:Infinity":3,"b:14:4:14:Infinity:15:4:15:Infinity:16:4:16:Infinity":1,"s:18:2:91:Infinity":4,"f:25:10:25:20":1,"s:27:12:27:Infinity":5,"b:31:9:31:Infinity:32:10:36:Infinity":2,"b:49:13:49:Infinity:50:14:54:13":3,"b:62:14:66:15:66:14:70:13":4,"f:79:12:79:27":2,"s:79:27:79:Infinity":6,"b:83:18:83:Infinity:84:18:84:Infinity":5},"fnNames":{}}}
,"/home/maxi/proyectos/Primetech/frontend/src/components/products/ProductDescription.tsx": {"path":"/home/maxi/proyectos/Primetech/frontend/src/components/products/ProductDescription.tsx","statementMap":{"0":{"start":{"line":5,"column":13},"end":{"line":22,"column":null}},"1":{"start":{"line":6,"column":2},"end":{"line":20,"column":null}}},"fnMap":{"0":{"name":"(anonymous_0)","decl":{"start":{"line":5,"column":13},"end":{"line":5,"column":35}},"loc":{"start":{"line":5,"column":80},"end":{"line":22,"column":null}},"line":5}},"branchMap":{"0":{"loc":{"start":{"line":18,"column":9},"end":{"line":18,"column":null}},"type":"binary-expr","locations":[{"start":{"line":18,"column":9},"end":{"line":18,"column":24}},{"start":{"line":18,"column":24},"end":{"line":18,"column":null}}],"line":18}},"s":{"0":2,"1":3},"f":{"0":3},"b":{"0":[3,1]},"meta":{"lastBranch":1,"lastFunction":1,"lastStatement":2,"seen":{"s:5:13:22:Infinity":0,"f:5:13:5:35":0,"s:6:2:20:Infinity":1,"b:18:9:18:24:18:24:18:Infinity":0},"fnNames":{}}}
,"/home/maxi/proyectos/Primetech/frontend/src/components/products/ProductGallery.tsx": {"path":"/home/maxi/proyectos/Primetech/frontend/src/components/products/ProductGallery.tsx","statementMap":{"0":{"start":{"line":11,"column":22},"end":{"line":11,"column":null}},"1":{"start":{"line":13,"column":13},"end":{"line":117,"column":null}},"2":{"start":{"line":14,"column":20},"end":{"line":14,"column":null}},"3":{"start":{"line":16,"column":23},"end":{"line":16,"column":null}},"4":{"start":{"line":18,"column":44},"end":{"line":18,"column":null}},"5":{"start":{"line":20,"column":2},"end":{"line":23,"column":null}},"6":{"start":{"line":21,"column":20},"end":{"line":21,"column":null}},"7":{"start":{"line":22,"column":4},"end":{"line":22,"column":null}},"8":{"start":{"line":25,"column":23},"end":{"line":25,"column":null}},"9":{"start":{"line":25,"column":52},"end":{"line":25,"column":77}},"10":{"start":{"line":27,"column":8},"end":{"line":31,"column":null}},"11":{"start":{"line":28,"column":4},"end":{"line":28,"column":null}},"12":{"start":{"line":28,"column":31},"end":{"line":28,"column":null}},"13":{"start":{"line":29,"column":10},"end":{"line":29,"column":null}},"14":{"start":{"line":30,"column":4},"end":{"line":30,"column":null}},"15":{"start":{"line":33,"column":8},"end":{"line":37,"column":null}},"16":{"start":{"line":34,"column":4},"end":{"line":34,"column":null}},"17":{"start":{"line":34,"column":31},"end":{"line":34,"column":null}},"18":{"start":{"line":35,"column":10},"end":{"line":35,"column":null}},"19":{"start":{"line":36,"column":4},"end":{"line":36,"column":null}},"20":{"start":{"line":39,"column":2},"end":{"line":115,"column":null}},"21":{"start":{"line":47,"column":12},"end":{"line":47,"column":null}},"22":{"start":{"line":62,"column":12},"end":{"line":69,"column":null}},"23":{"start":{"line":64,"column":29},"end":{"line":64,"column":null}},"24":{"start":{"line":86,"column":12},"end":{"line":103,"column":null}},"25":{"start":{"line":88,"column":29},"end":{"line":88,"column":null}},"26":{"start":{"line":99,"column":18},"end":{"line":99,"column":null}}},"fnMap":{"0":{"name":"(anonymous_0)","decl":{"start":{"line":13,"column":13},"end":{"line":13,"column":31}},"loc":{"start":{"line":13,"column":93},"end":{"line":117,"column":null}},"line":13},"1":{"name":"(anonymous_1)","decl":{"start":{"line":20,"column":2},"end":{"line":20,"column":18}},"loc":{"start":{"line":20,"column":18},"end":{"line":23,"column":5}},"line":20},"2":{"name":"(anonymous_2)","decl":{"start":{"line":25,"column":33},"end":{"line":25,"column":44}},"loc":{"start":{"line":25,"column":52},"end":{"line":25,"column":77}},"line":25},"3":{"name":"(anonymous_3)","decl":{"start":{"line":27,"column":8},"end":{"line":27,"column":27}},"loc":{"start":{"line":27,"column":27},"end":{"line":31,"column":null}},"line":27},"4":{"name":"(anonymous_4)","decl":{"start":{"line":33,"column":8},"end":{"line":33,"column":27}},"loc":{"start":{"line":33,"column":27},"end":{"line":37,"column":null}},"line":33},"5":{"name":"(anonymous_5)","decl":{"start":{"line":46,"column":10},"end":{"line":46,"column":20}},"loc":{"start":{"line":46,"column":26},"end":{"line":48,"column":null}},"line":46},"6":{"name":"(anonymous_6)","decl":{"start":{"line":61,"column":21},"end":{"line":61,"column":26}},"loc":{"start":{"line":62,"column":12},"end":{"line":69,"column":null}},"line":62},"7":{"name":"(anonymous_7)","decl":{"start":{"line":64,"column":14},"end":{"line":64,"column":29}},"loc":{"start":{"line":64,"column":29},"end":{"line":64,"column":null}},"line":64},"8":{"name":"(anonymous_8)","decl":{"start":{"line":85,"column":21},"end":{"line":85,"column":26}},"loc":{"start":{"line":86,"column":12},"end":{"line":103,"column":null}},"line":86},"9":{"name":"(anonymous_9)","decl":{"start":{"line":88,"column":14},"end":{"line":88,"column":29}},"loc":{"start":{"line":88,"column":29},"end":{"line":88,"column":null}},"line":88},"10":{"name":"(anonymous_10)","decl":{"start":{"line":98,"column":16},"end":{"line":98,"column":26}},"loc":{"start":{"line":98,"column":32},"end":{"line":100,"column":null}},"line":98}},"branchMap":{"0":{"loc":{"start":{"line":13,"column":33},"end":{"line":13,"column":46}},"type":"default-arg","locations":[{"start":{"line":13,"column":42},"end":{"line":13,"column":46}}],"line":13},"1":{"loc":{"start":{"line":14,"column":20},"end":{"line":14,"column":null}},"type":"cond-expr","locations":[{"start":{"line":14,"column":40},"end":{"line":14,"column":49}},{"start":{"line":14,"column":49},"end":{"line":14,"column":null}}],"line":14},"2":{"loc":{"start":{"line":16,"column":23},"end":{"line":16,"column":null}},"type":"binary-expr","locations":[{"start":{"line":16,"column":23},"end":{"line":16,"column":70}},{"start":{"line":16,"column":70},"end":{"line":16,"column":91}},{"start":{"line":16,"column":91},"end":{"line":16,"column":null}}],"line":16},"3":{"loc":{"start":{"line":21,"column":20},"end":{"line":21,"column":null}},"type":"binary-expr","locations":[{"start":{"line":21,"column":20},"end":{"line":21,"column":67}},{"start":{"line":21,"column":67},"end":{"line":21,"column":88}},{"start":{"line":21,"column":88},"end":{"line":21,"column":null}}],"line":21},"4":{"loc":{"start":{"line":28,"column":4},"end":{"line":28,"column":null}},"type":"if","locations":[{"start":{"line":28,"column":4},"end":{"line":28,"column":null}},{"start":{},"end":{}}],"line":28},"5":{"loc":{"start":{"line":34,"column":4},"end":{"line":34,"column":null}},"type":"if","locations":[{"start":{"line":34,"column":4},"end":{"line":34,"column":null}},{"start":{},"end":{}}],"line":34},"6":{"loc":{"start":{"line":53,"column":9},"end":{"line":56,"column":null}},"type":"binary-expr","locations":[{"start":{"line":53,"column":9},"end":{"line":53,"column":null}},{"start":{"line":54,"column":10},"end":{"line":56,"column":null}}],"line":53},"7":{"loc":{"start":{"line":67,"column":16},"end":{"line":67,"column":null}},"type":"cond-expr","locations":[{"start":{"line":67,"column":44},"end":{"line":67,"column":65}},{"start":{"line":67,"column":65},"end":{"line":67,"column":null}}],"line":67},"8":{"loc":{"start":{"line":63,"column":19},"end":{"line":63,"column":null}},"type":"binary-expr","locations":[{"start":{"line":63,"column":19},"end":{"line":63,"column":29}},{"start":{"line":63,"column":29},"end":{"line":63,"column":null}}],"line":63},"9":{"loc":{"start":{"line":90,"column":16},"end":{"line":92,"column":null}},"type":"cond-expr","locations":[{"start":{"line":91,"column":20},"end":{"line":91,"column":null}},{"start":{"line":92,"column":20},"end":{"line":92,"column":null}}],"line":90},"10":{"loc":{"start":{"line":87,"column":19},"end":{"line":87,"column":null}},"type":"binary-expr","locations":[{"start":{"line":87,"column":19},"end":{"line":87,"column":29}},{"start":{"line":87,"column":29},"end":{"line":87,"column":null}}],"line":87}},"s":{"0":2,"1":2,"2":8,"3":8,"4":8,"5":8,"6":3,"7":3,"8":8,"9":12,"10":8,"11":1,"12":0,"13":1,"14":1,"15":8,"16":1,"17":0,"18":1,"19":1,"20":8,"21":0,"22":15,"23":0,"24":15,"25":1,"26":0},"f":{"0":8,"1":3,"2":12,"3":1,"4":1,"5":0,"6":15,"7":0,"8":15,"9":1,"10":0},"b":{"0":[8],"1":[8,0],"2":[8,0,0],"3":[3,0,0],"4":[0,1],"5":[0,1],"6":[8,4],"7":[8,7],"8":[15,0],"9":[8,7],"10":[15,0]},"meta":{"lastBranch":11,"lastFunction":11,"lastStatement":27,"seen":{"s:11:22:11:Infinity":0,"s:13:13:117:Infinity":1,"f:13:13:13:31":0,"b:13:42:13:46":0,"s:14:20:14:Infinity":2,"b:14:40:14:49:14:49:14:Infinity":1,"s:16:23:16:Infinity":3,"b:16:23:16:70:16:70:16:91:16:91:16:Infinity":2,"s:18:44:18:Infinity":4,"s:20:2:23:Infinity":5,"f:20:2:20:18":1,"s:21:20:21:Infinity":6,"b:21:20:21:67:21:67:21:88:21:88:21:Infinity":3,"s:22:4:22:Infinity":7,"s:25:23:25:Infinity":8,"f:25:33:25:44":2,"s:25:52:25:77":9,"s:27:8:31:Infinity":10,"f:27:8:27:27":3,"b:28:4:28:Infinity:undefined:undefined:undefined:undefined":4,"s:28:4:28:Infinity":11,"s:28:31:28:Infinity":12,"s:29:10:29:Infinity":13,"s:30:4:30:Infinity":14,"s:33:8:37:Infinity":15,"f:33:8:33:27":4,"b:34:4:34:Infinity:undefined:undefined:undefined:undefined":5,"s:34:4:34:Infinity":16,"s:34:31:34:Infinity":17,"s:35:10:35:Infinity":18,"s:36:4:36:Infinity":19,"s:39:2:115:Infinity":20,"f:46:10:46:20":5,"s:47:12:47:Infinity":21,"b:53:9:53:Infinity:54:10:56:Infinity":6,"f:61:21:61:26":6,"s:62:12:69:Infinity":22,"f:64:14:64:29":7,"s:64:29:64:Infinity":23,"b:67:44:67:65:67:65:67:Infinity":7,"b:63:19:63:29:63:29:63:Infinity":8,"f:85:21:85:26":8,"s:86:12:103:Infinity":24,"f:88:14:88:29":9,"s:88:29:88:Infinity":25,"b:91:20:91:Infinity:92:20:92:Infinity":9,"f:98:16:98:26":10,"s:99:18:99:Infinity":26,"b:87:19:87:29:87:29:87:Infinity":10},"fnNames":{}}}
,"/home/maxi/proyectos/Primetech/frontend/src/components/products/ProductGrid.tsx": {"path":"/home/maxi/proyectos/Primetech/frontend/src/components/products/ProductGrid.tsx","statementMap":{"0":{"start":{"line":11,"column":13},"end":{"line":53,"column":null}},"1":{"start":{"line":12,"column":2},"end":{"line":19,"column":null}},"2":{"start":{"line":13,"column":4},"end":{"line":17,"column":null}},"3":{"start":{"line":21,"column":2},"end":{"line":28,"column":null}},"4":{"start":{"line":22,"column":4},"end":{"line":26,"column":null}},"5":{"start":{"line":30,"column":2},"end":{"line":37,"column":null}},"6":{"start":{"line":31,"column":4},"end":{"line":35,"column":null}},"7":{"start":{"line":39,"column":2},"end":{"line":51,"column":null}},"8":{"start":{"line":48,"column":10},"end":{"line":48,"column":null}}},"fnMap":{"0":{"name":"(anonymous_0)","decl":{"start":{"line":11,"column":13},"end":{"line":11,"column":28}},"loc":{"start":{"line":11,"column":79},"end":{"line":53,"column":null}},"line":11},"1":{"name":"(anonymous_1)","decl":{"start":{"line":47,"column":18},"end":{"line":47,"column":23}},"loc":{"start":{"line":48,"column":10},"end":{"line":48,"column":null}},"line":48}},"branchMap":{"0":{"loc":{"start":{"line":12,"column":2},"end":{"line":19,"column":null}},"type":"if","locations":[{"start":{"line":12,"column":2},"end":{"line":19,"column":null}},{"start":{},"end":{}}],"line":12},"1":{"loc":{"start":{"line":21,"column":2},"end":{"line":28,"column":null}},"type":"if","locations":[{"start":{"line":21,"column":2},"end":{"line":28,"column":null}},{"start":{},"end":{}}],"line":21},"2":{"loc":{"start":{"line":30,"column":2},"end":{"line":37,"column":null}},"type":"if","locations":[{"start":{"line":30,"column":2},"end":{"line":37,"column":null}},{"start":{},"end":{}}],"line":30}},"s":{"0":2,"1":7,"2":2,"3":5,"4":1,"5":4,"6":2,"7":2,"8":2},"f":{"0":7,"1":2},"b":{"0":[2,5],"1":[1,4],"2":[2,2]},"meta":{"lastBranch":3,"lastFunction":2,"lastStatement":9,"seen":{"s:11:13:53:Infinity":0,"f:11:13:11:28":0,"b:12:2:19:Infinity:undefined:undefined:undefined:undefined":0,"s:12:2:19:Infinity":1,"s:13:4:17:Infinity":2,"b:21:2:28:Infinity:undefined:undefined:undefined:undefined":1,"s:21:2:28:Infinity":3,"s:22:4:26:Infinity":4,"b:30:2:37:Infinity:undefined:undefined:undefined:undefined":2,"s:30:2:37:Infinity":5,"s:31:4:35:Infinity":6,"s:39:2:51:Infinity":7,"f:47:18:47:23":1,"s:48:10:48:Infinity":8},"fnNames":{}}}
,"/home/maxi/proyectos/Primetech/frontend/src/components/products/ProductInfo.tsx": {"path":"/home/maxi/proyectos/Primetech/frontend/src/components/products/ProductInfo.tsx","statementMap":{"0":{"start":{"line":22,"column":13},"end":{"line":211,"column":null}},"1":{"start":{"line":23,"column":24},"end":{"line":23,"column":32}},"2":{"start":{"line":24,"column":19},"end":{"line":24,"column":31}},"3":{"start":{"line":25,"column":34},"end":{"line":25,"column":null}},"4":{"start":{"line":26,"column":23},"end":{"line":26,"column":null}},"5":{"start":{"line":28,"column":8},"end":{"line":32,"column":null}},"6":{"start":{"line":29,"column":4},"end":{"line":31,"column":null}},"7":{"start":{"line":30,"column":6},"end":{"line":30,"column":null}},"8":{"start":{"line":34,"column":8},"end":{"line":38,"column":null}},"9":{"start":{"line":35,"column":4},"end":{"line":37,"column":null}},"10":{"start":{"line":36,"column":6},"end":{"line":36,"column":null}},"11":{"start":{"line":40,"column":20},"end":{"line":40,"column":null}},"12":{"start":{"line":41,"column":27},"end":{"line":41,"column":null}},"13":{"start":{"line":43,"column":2},"end":{"line":209,"column":null}},"14":{"start":{"line":160,"column":27},"end":{"line":160,"column":null}},"15":{"start":{"line":184,"column":12},"end":{"line":184,"column":null}},"16":{"start":{"line":185,"column":12},"end":{"line":185,"column":null}}},"fnMap":{"0":{"name":"(anonymous_0)","decl":{"start":{"line":22,"column":13},"end":{"line":22,"column":28}},"loc":{"start":{"line":22,"column":62},"end":{"line":211,"column":null}},"line":22},"1":{"name":"(anonymous_1)","decl":{"start":{"line":28,"column":8},"end":{"line":28,"column":31}},"loc":{"start":{"line":28,"column":31},"end":{"line":32,"column":null}},"line":28},"2":{"name":"(anonymous_2)","decl":{"start":{"line":34,"column":8},"end":{"line":34,"column":31}},"loc":{"start":{"line":34,"column":31},"end":{"line":38,"column":null}},"line":34},"3":{"name":"(anonymous_3)","decl":{"start":{"line":160,"column":12},"end":{"line":160,"column":27}},"loc":{"start":{"line":160,"column":27},"end":{"line":160,"column":null}},"line":160},"4":{"name":"(anonymous_4)","decl":{"start":{"line":183,"column":10},"end":{"line":183,"column":25}},"loc":{"start":{"line":183,"column":25},"end":{"line":186,"column":null}},"line":183}},"branchMap":{"0":{"loc":{"start":{"line":29,"column":4},"end":{"line":31,"column":null}},"type":"if","locations":[{"start":{"line":29,"column":4},"end":{"line":31,"column":null}},{"start":{},"end":{}}],"line":29},"1":{"loc":{"start":{"line":35,"column":4},"end":{"line":37,"column":null}},"type":"if","locations":[{"start":{"line":35,"column":4},"end":{"line":37,"column":null}},{"start":{},"end":{}}],"line":35},"2":{"loc":{"start":{"line":48,"column":11},"end":{"line":48,"column":null}},"type":"binary-expr","locations":[{"start":{"line":48,"column":11},"end":{"line":48,"column":32}},{"start":{"line":48,"column":32},"end":{"line":48,"column":null}}],"line":48},"3":{"loc":{"start":{"line":74,"column":9},"end":{"line":77,"column":null}},"type":"binary-expr","locations":[{"start":{"line":74,"column":9},"end":{"line":74,"column":null}},{"start":{"line":75,"column":10},"end":{"line":77,"column":null}}],"line":74},"4":{"loc":{"start":{"line":84,"column":11},"end":{"line":89,"column":null}},"type":"binary-expr","locations":[{"start":{"line":84,"column":11},"end":{"line":84,"column":null}},{"start":{"line":85,"column":12},"end":{"line":89,"column":null}}],"line":84},"5":{"loc":{"start":{"line":112,"column":9},"end":{"line":128,"column":null}},"type":"cond-expr","locations":[{"start":{"line":113,"column":10},"end":{"line":125,"column":11}},{"start":{"line":125,"column":10},"end":{"line":128,"column":null}}],"line":112},"6":{"loc":{"start":{"line":139,"column":24},"end":{"line":139,"column":null}},"type":"binary-expr","locations":[{"start":{"line":139,"column":24},"end":{"line":139,"column":41}},{"start":{"line":139,"column":41},"end":{"line":139,"column":null}}],"line":139},"7":{"loc":{"start":{"line":150,"column":24},"end":{"line":150,"column":null}},"type":"binary-expr","locations":[{"start":{"line":150,"column":24},"end":{"line":150,"column":53}},{"start":{"line":150,"column":53},"end":{"line":150,"column":null}}],"line":150},"8":{"loc":{"start":{"line":163,"column":14},"end":{"line":165,"column":null}},"type":"cond-expr","locations":[{"start":{"line":164,"column":18},"end":{"line":164,"column":null}},{"start":{"line":165,"column":18},"end":{"line":165,"column":null}}],"line":163}},"s":{"0":2,"1":5,"2":5,"3":5,"4":5,"5":5,"6":0,"7":0,"8":5,"9":1,"10":1,"11":5,"12":5,"13":5,"14":0,"15":0,"16":0},"f":{"0":5,"1":0,"2":1,"3":0,"4":0},"b":{"0":[0,0],"1":[1,0],"2":[5,0],"3":[5,5],"4":[5,5],"5":[4,1],"6":[5,1],"7":[5,4],"8":[1,4]},"meta":{"lastBranch":9,"lastFunction":5,"lastStatement":17,"seen":{"s:22:13:211:Infinity":0,"f:22:13:22:28":0,"s:23:24:23:32":1,"s:24:19:24:31":2,"s:25:34:25:Infinity":3,"s:26:23:26:Infinity":4,"s:28:8:32:Infinity":5,"f:28:8:28:31":1,"b:29:4:31:Infinity:undefined:undefined:undefined:undefined":0,"s:29:4:31:Infinity":6,"s:30:6:30:Infinity":7,"s:34:8:38:Infinity":8,"f:34:8:34:31":2,"b:35:4:37:Infinity:undefined:undefined:undefined:undefined":1,"s:35:4:37:Infinity":9,"s:36:6:36:Infinity":10,"s:40:20:40:Infinity":11,"s:41:27:41:Infinity":12,"s:43:2:209:Infinity":13,"b:48:11:48:32:48:32:48:Infinity":2,"b:74:9:74:Infinity:75:10:77:Infinity":3,"b:84:11:84:Infinity:85:12:89:Infinity":4,"b:113:10:125:11:125:10:128:Infinity":5,"b:139:24:139:41:139:41:139:Infinity":6,"b:150:24:150:53:150:53:150:Infinity":7,"f:160:12:160:27":3,"s:160:27:160:Infinity":14,"b:164:18:164:Infinity:165:18:165:Infinity":8,"f:183:10:183:25":4,"s:184:12:184:Infinity":15,"s:185:12:185:Infinity":16},"fnNames":{}}}
,"/home/maxi/proyectos/Primetech/frontend/src/contexts/CartContext.tsx": {"path":"/home/maxi/proyectos/Primetech/frontend/src/contexts/CartContext.tsx","statementMap":{"0":{"start":{"line":5,"column":25},"end":{"line":5,"column":null}},"1":{"start":{"line":7,"column":20},"end":{"line":7,"column":null}},"2":{"start":{"line":9,"column":13},"end":{"line":107,"column":null}},"3":{"start":{"line":10,"column":28},"end":{"line":18,"column":null}},"4":{"start":{"line":11,"column":4},"end":{"line":17,"column":null}},"5":{"start":{"line":12,"column":21},"end":{"line":12,"column":null}},"6":{"start":{"line":13,"column":6},"end":{"line":13,"column":null}},"7":{"start":{"line":15,"column":6},"end":{"line":15,"column":null}},"8":{"start":{"line":16,"column":6},"end":{"line":16,"column":null}},"9":{"start":{"line":20,"column":2},"end":{"line":26,"column":null}},"10":{"start":{"line":21,"column":4},"end":{"line":25,"column":null}},"11":{"start":{"line":22,"column":6},"end":{"line":22,"column":null}},"12":{"start":{"line":24,"column":6},"end":{"line":24,"column":null}},"13":{"start":{"line":28,"column":8},"end":{"line":45,"column":null}},"14":{"start":{"line":29,"column":4},"end":{"line":44,"column":null}},"15":{"start":{"line":30,"column":28},"end":{"line":30,"column":null}},"16":{"start":{"line":30,"column":58},"end":{"line":30,"column":88}},"17":{"start":{"line":31,"column":6},"end":{"line":43,"column":null}},"18":{"start":{"line":32,"column":24},"end":{"line":32,"column":null}},"19":{"start":{"line":33,"column":27},"end":{"line":33,"column":null}},"20":{"start":{"line":34,"column":23},"end":{"line":34,"column":null}},"21":{"start":{"line":35,"column":8},"end":{"line":38,"column":null}},"22":{"start":{"line":39,"column":8},"end":{"line":39,"column":null}},"23":{"start":{"line":41,"column":27},"end":{"line":41,"column":null}},"24":{"start":{"line":42,"column":8},"end":{"line":42,"column":null}},"25":{"start":{"line":47,"column":8},"end":{"line":49,"column":null}},"26":{"start":{"line":48,"column":4},"end":{"line":48,"column":null}},"27":{"start":{"line":48,"column":28},"end":{"line":48,"column":85}},"28":{"start":{"line":48,"column":55},"end":{"line":48,"column":84}},"29":{"start":{"line":51,"column":8},"end":{"line":65,"column":null}},"30":{"start":{"line":52,"column":4},"end":{"line":55,"column":null}},"31":{"start":{"line":53,"column":6},"end":{"line":53,"column":null}},"32":{"start":{"line":54,"column":6},"end":{"line":54,"column":null}},"33":{"start":{"line":56,"column":4},"end":{"line":64,"column":null}},"34":{"start":{"line":57,"column":6},"end":{"line":63,"column":null}},"35":{"start":{"line":58,"column":8},"end":{"line":61,"column":null}},"36":{"start":{"line":59,"column":27},"end":{"line":59,"column":null}},"37":{"start":{"line":60,"column":10},"end":{"line":60,"column":null}},"38":{"start":{"line":62,"column":8},"end":{"line":62,"column":null}},"39":{"start":{"line":67,"column":8},"end":{"line":74,"column":null}},"40":{"start":{"line":68,"column":4},"end":{"line":68,"column":null}},"41":{"start":{"line":69,"column":4},"end":{"line":73,"column":null}},"42":{"start":{"line":70,"column":6},"end":{"line":70,"column":null}},"43":{"start":{"line":72,"column":6},"end":{"line":72,"column":null}},"44":{"start":{"line":76,"column":21},"end":{"line":76,"column":null}},"45":{"start":{"line":76,"column":49},"end":{"line":76,"column":70}},"46":{"start":{"line":78,"column":19},"end":{"line":78,"column":null}},"47":{"start":{"line":78,"column":47},"end":{"line":78,"column":89}},"48":{"start":{"line":80,"column":19},"end":{"line":86,"column":null}},"49":{"start":{"line":81,"column":4},"end":{"line":81,"column":null}},"50":{"start":{"line":81,"column":30},"end":{"line":81,"column":null}},"51":{"start":{"line":82,"column":28},"end":{"line":84,"column":null}},"52":{"start":{"line":85,"column":4},"end":{"line":85,"column":null}},"53":{"start":{"line":88,"column":16},"end":{"line":88,"column":null}},"54":{"start":{"line":90,"column":2},"end":{"line":105,"column":null}},"55":{"start":{"line":109,"column":13},"end":{"line":115,"column":null}},"56":{"start":{"line":110,"column":18},"end":{"line":110,"column":null}},"57":{"start":{"line":111,"column":2},"end":{"line":113,"column":null}},"58":{"start":{"line":112,"column":4},"end":{"line":112,"column":null}},"59":{"start":{"line":114,"column":2},"end":{"line":114,"column":null}}},"fnMap":{"0":{"name":"(anonymous_0)","decl":{"start":{"line":9,"column":13},"end":{"line":9,"column":29}},"loc":{"start":{"line":9,"column":71},"end":{"line":107,"column":null}},"line":9},"1":{"name":"(anonymous_1)","decl":{"start":{"line":10,"column":28},"end":{"line":10,"column":55}},"loc":{"start":{"line":10,"column":55},"end":{"line":18,"column":3}},"line":10},"2":{"name":"(anonymous_2)","decl":{"start":{"line":20,"column":2},"end":{"line":20,"column":18}},"loc":{"start":{"line":20,"column":18},"end":{"line":26,"column":5}},"line":20},"3":{"name":"(anonymous_3)","decl":{"start":{"line":28,"column":8},"end":{"line":28,"column":21}},"loc":{"start":{"line":28,"column":64},"end":{"line":45,"column":null}},"line":28},"4":{"name":"(anonymous_4)","decl":{"start":{"line":29,"column":4},"end":{"line":29,"column":14}},"loc":{"start":{"line":29,"column":28},"end":{"line":44,"column":5}},"line":29},"5":{"name":"(anonymous_5)","decl":{"start":{"line":30,"column":38},"end":{"line":30,"column":49}},"loc":{"start":{"line":30,"column":58},"end":{"line":30,"column":88}},"line":30},"6":{"name":"(anonymous_6)","decl":{"start":{"line":47,"column":8},"end":{"line":47,"column":26}},"loc":{"start":{"line":47,"column":48},"end":{"line":49,"column":null}},"line":47},"7":{"name":"(anonymous_7)","decl":{"start":{"line":48,"column":4},"end":{"line":48,"column":14}},"loc":{"start":{"line":48,"column":28},"end":{"line":48,"column":85}},"line":48},"8":{"name":"(anonymous_8)","decl":{"start":{"line":48,"column":38},"end":{"line":48,"column":46}},"loc":{"start":{"line":48,"column":55},"end":{"line":48,"column":84}},"line":48},"9":{"name":"(anonymous_9)","decl":{"start":{"line":51,"column":8},"end":{"line":51,"column":26}},"loc":{"start":{"line":51,"column":66},"end":{"line":65,"column":null}},"line":51},"10":{"name":"(anonymous_10)","decl":{"start":{"line":56,"column":4},"end":{"line":56,"column":14}},"loc":{"start":{"line":57,"column":6},"end":{"line":63,"column":null}},"line":57},"11":{"name":"(anonymous_11)","decl":{"start":{"line":57,"column":16},"end":{"line":57,"column":21}},"loc":{"start":{"line":57,"column":30},"end":{"line":63,"column":7}},"line":57},"12":{"name":"(anonymous_12)","decl":{"start":{"line":67,"column":8},"end":{"line":67,"column":26}},"loc":{"start":{"line":67,"column":26},"end":{"line":74,"column":null}},"line":67},"13":{"name":"(anonymous_13)","decl":{"start":{"line":76,"column":27},"end":{"line":76,"column":35}},"loc":{"start":{"line":76,"column":49},"end":{"line":76,"column":70}},"line":76},"14":{"name":"(anonymous_14)","decl":{"start":{"line":78,"column":25},"end":{"line":78,"column":33}},"loc":{"start":{"line":78,"column":47},"end":{"line":78,"column":89}},"line":78},"15":{"name":"(anonymous_15)","decl":{"start":{"line":80,"column":25},"end":{"line":80,"column":33}},"loc":{"start":{"line":80,"column":47},"end":{"line":86,"column":5}},"line":80},"16":{"name":"(anonymous_16)","decl":{"start":{"line":109,"column":13},"end":{"line":109,"column":46}},"loc":{"start":{"line":109,"column":46},"end":{"line":115,"column":null}},"line":109}},"branchMap":{"0":{"loc":{"start":{"line":13,"column":13},"end":{"line":13,"column":null}},"type":"cond-expr","locations":[{"start":{"line":13,"column":22},"end":{"line":13,"column":43}},{"start":{"line":13,"column":43},"end":{"line":13,"column":null}}],"line":13},"1":{"loc":{"start":{"line":28,"column":47},"end":{"line":28,"column":64}},"type":"default-arg","locations":[{"start":{"line":28,"column":58},"end":{"line":28,"column":64}}],"line":28},"2":{"loc":{"start":{"line":31,"column":6},"end":{"line":43,"column":null}},"type":"if","locations":[{"start":{"line":31,"column":6},"end":{"line":43,"column":null}},{"start":{"line":40,"column":13},"end":{"line":43,"column":null}}],"line":31},"3":{"loc":{"start":{"line":41,"column":46},"end":{"line":41,"column":90}},"type":"cond-expr","locations":[{"start":{"line":41,"column":66},"end":{"line":41,"column":82}},{"start":{"line":41,"column":82},"end":{"line":41,"column":90}}],"line":41},"4":{"loc":{"start":{"line":52,"column":4},"end":{"line":55,"column":null}},"type":"if","locations":[{"start":{"line":52,"column":4},"end":{"line":55,"column":null}},{"start":{},"end":{}}],"line":52},"5":{"loc":{"start":{"line":58,"column":8},"end":{"line":61,"column":null}},"type":"if","locations":[{"start":{"line":58,"column":8},"end":{"line":61,"column":null}},{"start":{},"end":{}}],"line":58},"6":{"loc":{"start":{"line":59,"column":46},"end":{"line":59,"column":100}},"type":"cond-expr","locations":[{"start":{"line":59,"column":71},"end":{"line":59,"column":92}},{"start":{"line":59,"column":92},"end":{"line":59,"column":100}}],"line":59},"7":{"loc":{"start":{"line":81,"column":4},"end":{"line":81,"column":null}},"type":"if","locations":[{"start":{"line":81,"column":4},"end":{"line":81,"column":null}},{"start":{},"end":{}}],"line":81},"8":{"loc":{"start":{"line":82,"column":28},"end":{"line":84,"column":null}},"type":"cond-expr","locations":[{"start":{"line":83,"column":8},"end":{"line":83,"column":null}},{"start":{"line":84,"column":8},"end":{"line":84,"column":null}}],"line":82},"9":{"loc":{"start":{"line":111,"column":2},"end":{"line":113,"column":null}},"type":"if","locations":[{"start":{"line":111,"column":2},"end":{"line":113,"column":null}},{"start":{},"end":{}}],"line":111}},"s":{"0":8,"1":8,"2":8,"3":35,"4":25,"5":25,"6":25,"7":0,"8":0,"9":35,"10":35,"11":35,"12":0,"13":35,"14":8,"15":8,"16":2,"17":8,"18":1,"19":1,"20":1,"21":1,"22":1,"23":7,"24":7,"25":35,"26":2,"27":2,"28":3,"29":35,"30":2,"31":1,"32":1,"33":1,"34":1,"35":1,"36":1,"37":1,"38":0,"39":35,"40":1,"41":1,"42":1,"43":0,"44":35,"45":9,"46":35,"47":9,"48":35,"49":9,"50":9,"51":0,"52":9,"53":35,"54":35,"55":8,"56":46,"57":46,"58":0,"59":46},"f":{"0":35,"1":25,"2":35,"3":8,"4":8,"5":2,"6":2,"7":2,"8":3,"9":2,"10":1,"11":1,"12":1,"13":9,"14":9,"15":9,"16":46},"b":{"0":[12,13],"1":[8],"2":[1,7],"3":[7,0],"4":[1,1],"5":[1,0],"6":[1,0],"7":[9,0],"8":[0,0],"9":[0,46]},"meta":{"lastBranch":10,"lastFunction":17,"lastStatement":60,"seen":{"s:5:25:5:Infinity":0,"s:7:20:7:Infinity":1,"s:9:13:107:Infinity":2,"f:9:13:9:29":0,"s:10:28:18:Infinity":3,"f:10:28:10:55":1,"s:11:4:17:Infinity":4,"s:12:21:12:Infinity":5,"s:13:6:13:Infinity":6,"b:13:22:13:43:13:43:13:Infinity":0,"s:15:6:15:Infinity":7,"s:16:6:16:Infinity":8,"s:20:2:26:Infinity":9,"f:20:2:20:18":2,"s:21:4:25:Infinity":10,"s:22:6:22:Infinity":11,"s:24:6:24:Infinity":12,"s:28:8:45:Infinity":13,"f:28:8:28:21":3,"b:28:58:28:64":1,"s:29:4:44:Infinity":14,"f:29:4:29:14":4,"s:30:28:30:Infinity":15,"f:30:38:30:49":5,"s:30:58:30:88":16,"b:31:6:43:Infinity:40:13:43:Infinity":2,"s:31:6:43:Infinity":17,"s:32:24:32:Infinity":18,"s:33:27:33:Infinity":19,"s:34:23:34:Infinity":20,"s:35:8:38:Infinity":21,"s:39:8:39:Infinity":22,"s:41:27:41:Infinity":23,"b:41:66:41:82:41:82:41:90":3,"s:42:8:42:Infinity":24,"s:47:8:49:Infinity":25,"f:47:8:47:26":6,"s:48:4:48:Infinity":26,"f:48:4:48:14":7,"s:48:28:48:85":27,"f:48:38:48:46":8,"s:48:55:48:84":28,"s:51:8:65:Infinity":29,"f:51:8:51:26":9,"b:52:4:55:Infinity:undefined:undefined:undefined:undefined":4,"s:52:4:55:Infinity":30,"s:53:6:53:Infinity":31,"s:54:6:54:Infinity":32,"s:56:4:64:Infinity":33,"f:56:4:56:14":10,"s:57:6:63:Infinity":34,"f:57:16:57:21":11,"b:58:8:61:Infinity:undefined:undefined:undefined:undefined":5,"s:58:8:61:Infinity":35,"s:59:27:59:Infinity":36,"b:59:71:59:92:59:92:59:100":6,"s:60:10:60:Infinity":37,"s:62:8:62:Infinity":38,"s:67:8:74:Infinity":39,"f:67:8:67:26":12,"s:68:4:68:Infinity":40,"s:69:4:73:Infinity":41,"s:70:6:70:Infinity":42,"s:72:6:72:Infinity":43,"s:76:21:76:Infinity":44,"f:76:27:76:35":13,"s:76:49:76:70":45,"s:78:19:78:Infinity":46,"f:78:25:78:33":14,"s:78:47:78:89":47,"s:80:19:86:Infinity":48,"f:80:25:80:33":15,"b:81:4:81:Infinity:undefined:undefined:undefined:undefined":7,"s:81:4:81:Infinity":49,"s:81:30:81:Infinity":50,"s:82:28:84:Infinity":51,"b:83:8:83:Infinity:84:8:84:Infinity":8,"s:85:4:85:Infinity":52,"s:88:16:88:Infinity":53,"s:90:2:105:Infinity":54,"s:109:13:115:Infinity":55,"f:109:13:109:46":16,"s:110:18:110:Infinity":56,"b:111:2:113:Infinity:undefined:undefined:undefined:undefined":9,"s:111:2:113:Infinity":57,"s:112:4:112:Infinity":58,"s:114:2:114:Infinity":59},"fnNames":{}}}
,"/home/maxi/proyectos/Primetech/frontend/src/hooks/useProductDetail.ts": {"path":"/home/maxi/proyectos/Primetech/frontend/src/hooks/useProductDetail.ts","statementMap":{"0":{"start":{"line":5,"column":13},"end":{"line":35,"column":null}},"1":{"start":{"line":6,"column":32},"end":{"line":6,"column":null}},"2":{"start":{"line":7,"column":32},"end":{"line":7,"column":null}},"3":{"start":{"line":8,"column":28},"end":{"line":8,"column":null}},"4":{"start":{"line":10,"column":2},"end":{"line":32,"column":null}},"5":{"start":{"line":11,"column":4},"end":{"line":15,"column":null}},"6":{"start":{"line":12,"column":6},"end":{"line":12,"column":null}},"7":{"start":{"line":13,"column":6},"end":{"line":13,"column":null}},"8":{"start":{"line":14,"column":6},"end":{"line":14,"column":null}},"9":{"start":{"line":17,"column":25},"end":{"line":29,"column":null}},"10":{"start":{"line":18,"column":6},"end":{"line":28,"column":null}},"11":{"start":{"line":19,"column":8},"end":{"line":19,"column":null}},"12":{"start":{"line":20,"column":8},"end":{"line":20,"column":null}},"13":{"start":{"line":21,"column":21},"end":{"line":21,"column":null}},"14":{"start":{"line":22,"column":8},"end":{"line":22,"column":null}},"15":{"start":{"line":24,"column":8},"end":{"line":24,"column":null}},"16":{"start":{"line":25,"column":8},"end":{"line":25,"column":null}},"17":{"start":{"line":27,"column":8},"end":{"line":27,"column":null}},"18":{"start":{"line":31,"column":4},"end":{"line":31,"column":null}},"19":{"start":{"line":34,"column":2},"end":{"line":34,"column":null}}},"fnMap":{"0":{"name":"(anonymous_0)","decl":{"start":{"line":5,"column":13},"end":{"line":5,"column":33}},"loc":{"start":{"line":5,"column":69},"end":{"line":35,"column":null}},"line":5},"1":{"name":"(anonymous_1)","decl":{"start":{"line":10,"column":2},"end":{"line":10,"column":18}},"loc":{"start":{"line":10,"column":18},"end":{"line":32,"column":5}},"line":10},"2":{"name":"(anonymous_2)","decl":{"start":{"line":17,"column":25},"end":{"line":17,"column":37}},"loc":{"start":{"line":17,"column":37},"end":{"line":29,"column":null}},"line":17}},"branchMap":{"0":{"loc":{"start":{"line":11,"column":4},"end":{"line":15,"column":null}},"type":"if","locations":[{"start":{"line":11,"column":4},"end":{"line":15,"column":null}},{"start":{},"end":{}}],"line":11}},"s":{"0":2,"1":11,"2":11,"3":11,"4":11,"5":6,"6":1,"7":1,"8":1,"9":5,"10":5,"11":5,"12":5,"13":5,"14":2,"15":2,"16":2,"17":4,"18":5,"19":11},"f":{"0":11,"1":6,"2":5},"b":{"0":[1,5]},"meta":{"lastBranch":1,"lastFunction":3,"lastStatement":20,"seen":{"s:5:13:35:Infinity":0,"f:5:13:5:33":0,"s:6:32:6:Infinity":1,"s:7:32:7:Infinity":2,"s:8:28:8:Infinity":3,"s:10:2:32:Infinity":4,"f:10:2:10:18":1,"b:11:4:15:Infinity:undefined:undefined:undefined:undefined":0,"s:11:4:15:Infinity":5,"s:12:6:12:Infinity":6,"s:13:6:13:Infinity":7,"s:14:6:14:Infinity":8,"s:17:25:29:Infinity":9,"f:17:25:17:37":2,"s:18:6:28:Infinity":10,"s:19:8:19:Infinity":11,"s:20:8:20:Infinity":12,"s:21:21:21:Infinity":13,"s:22:8:22:Infinity":14,"s:24:8:24:Infinity":15,"s:25:8:25:Infinity":16,"s:27:8:27:Infinity":17,"s:31:4:31:Infinity":18,"s:34:2:34:Infinity":19},"fnNames":{}}}
,"/home/maxi/proyectos/Primetech/frontend/src/hooks/useProducts.ts": {"path":"/home/maxi/proyectos/Primetech/frontend/src/hooks/useProducts.ts","statementMap":{"0":{"start":{"line":5,"column":13},"end":{"line":29,"column":null}},"1":{"start":{"line":6,"column":34},"end":{"line":6,"column":null}},"2":{"start":{"line":7,"column":32},"end":{"line":7,"column":null}},"3":{"start":{"line":8,"column":28},"end":{"line":8,"column":null}},"4":{"start":{"line":10,"column":24},"end":{"line":22,"column":null}},"5":{"start":{"line":11,"column":4},"end":{"line":21,"column":null}},"6":{"start":{"line":12,"column":6},"end":{"line":12,"column":null}},"7":{"start":{"line":13,"column":6},"end":{"line":13,"column":null}},"8":{"start":{"line":14,"column":19},"end":{"line":14,"column":null}},"9":{"start":{"line":15,"column":6},"end":{"line":15,"column":null}},"10":{"start":{"line":17,"column":6},"end":{"line":17,"column":null}},"11":{"start":{"line":18,"column":6},"end":{"line":18,"column":null}},"12":{"start":{"line":20,"column":6},"end":{"line":20,"column":null}},"13":{"start":{"line":24,"column":2},"end":{"line":26,"column":null}},"14":{"start":{"line":25,"column":4},"end":{"line":25,"column":null}},"15":{"start":{"line":28,"column":2},"end":{"line":28,"column":null}}},"fnMap":{"0":{"name":"(anonymous_0)","decl":{"start":{"line":5,"column":13},"end":{"line":5,"column":33}},"loc":{"start":{"line":5,"column":33},"end":{"line":29,"column":null}},"line":5},"1":{"name":"(anonymous_1)","decl":{"start":{"line":10,"column":24},"end":{"line":10,"column":36}},"loc":{"start":{"line":10,"column":36},"end":{"line":22,"column":null}},"line":10},"2":{"name":"(anonymous_2)","decl":{"start":{"line":24,"column":2},"end":{"line":24,"column":18}},"loc":{"start":{"line":24,"column":18},"end":{"line":26,"column":5}},"line":24}},"branchMap":{},"s":{"0":1,"1":4,"2":4,"3":4,"4":4,"5":2,"6":2,"7":2,"8":2,"9":1,"10":1,"11":1,"12":2,"13":4,"14":2,"15":4},"f":{"0":4,"1":2,"2":2},"b":{},"meta":{"lastBranch":0,"lastFunction":3,"lastStatement":16,"seen":{"s:5:13:29:Infinity":0,"f:5:13:5:33":0,"s:6:34:6:Infinity":1,"s:7:32:7:Infinity":2,"s:8:28:8:Infinity":3,"s:10:24:22:Infinity":4,"f:10:24:10:36":1,"s:11:4:21:Infinity":5,"s:12:6:12:Infinity":6,"s:13:6:13:Infinity":7,"s:14:19:14:Infinity":8,"s:15:6:15:Infinity":9,"s:17:6:17:Infinity":10,"s:18:6:18:Infinity":11,"s:20:6:20:Infinity":12,"s:24:2:26:Infinity":13,"f:24:2:24:18":2,"s:25:4:25:Infinity":14,"s:28:2:28:Infinity":15},"fnNames":{}}}
,"/home/maxi/proyectos/Primetech/frontend/src/layouts/Footer.tsx": {"path":"/home/maxi/proyectos/Primetech/frontend/src/layouts/Footer.tsx","statementMap":{"0":{"start":{"line":3,"column":13},"end":{"line":114,"column":null}},"1":{"start":{"line":4,"column":2},"end":{"line":112,"column":null}}},"fnMap":{"0":{"name":"(anonymous_0)","decl":{"start":{"line":3,"column":13},"end":{"line":3,"column":28}},"loc":{"start":{"line":3,"column":28},"end":{"line":114,"column":null}},"line":3}},"branchMap":{},"s":{"0":3,"1":12},"f":{"0":12},"b":{},"meta":{"lastBranch":0,"lastFunction":1,"lastStatement":2,"seen":{"s:3:13:114:Infinity":0,"f:3:13:3:28":0,"s:4:2:112:Infinity":1},"fnNames":{}}}
,"/home/maxi/proyectos/Primetech/frontend/src/layouts/Navbar.tsx": {"path":"/home/maxi/proyectos/Primetech/frontend/src/layouts/Navbar.tsx","statementMap":{"0":{"start":{"line":8,"column":13},"end":{"line":82,"column":null}},"1":{"start":{"line":9,"column":38},"end":{"line":9,"column":null}},"2":{"start":{"line":10,"column":25},"end":{"line":10,"column":33}},"3":{"start":{"line":14,"column":2},"end":{"line":80,"column":null}},"4":{"start":{"line":44,"column":33},"end":{"line":44,"column":61}}},"fnMap":{"0":{"name":"(anonymous_0)","decl":{"start":{"line":8,"column":13},"end":{"line":8,"column":28}},"loc":{"start":{"line":8,"column":28},"end":{"line":82,"column":null}},"line":8},"1":{"name":"(anonymous_1)","decl":{"start":{"line":44,"column":18},"end":{"line":44,"column":33}},"loc":{"start":{"line":44,"column":33},"end":{"line":44,"column":61}},"line":44}},"branchMap":{"0":{"loc":{"start":{"line":56,"column":13},"end":{"line":61,"column":null}},"type":"binary-expr","locations":[{"start":{"line":56,"column":13},"end":{"line":56,"column":null}},{"start":{"line":57,"column":14},"end":{"line":61,"column":null}}],"line":56}},"s":{"0":3,"1":12,"2":12,"3":12,"4":0},"f":{"0":12,"1":0},"b":{"0":[12,2]},"meta":{"lastBranch":1,"lastFunction":2,"lastStatement":5,"seen":{"s:8:13:82:Infinity":0,"f:8:13:8:28":0,"s:9:38:9:Infinity":1,"s:10:25:10:33":2,"s:14:2:80:Infinity":3,"f:44:18:44:33":1,"s:44:33:44:61":4,"b:56:13:56:Infinity:57:14:61:Infinity":0},"fnNames":{}}}
,"/home/maxi/proyectos/Primetech/frontend/src/pages/CartPage.tsx": {"path":"/home/maxi/proyectos/Primetech/frontend/src/pages/CartPage.tsx","statementMap":{"0":{"start":{"line":10,"column":13},"end":{"line":95,"column":null}},"1":{"start":{"line":11,"column":70},"end":{"line":11,"column":78}},"2":{"start":{"line":12,"column":40},"end":{"line":12,"column":null}},"3":{"start":{"line":14,"column":8},"end":{"line":17,"column":null}},"4":{"start":{"line":15,"column":4},"end":{"line":15,"column":null}},"5":{"start":{"line":16,"column":4},"end":{"line":16,"column":null}},"6":{"start":{"line":19,"column":8},"end":{"line":21,"column":null}},"7":{"start":{"line":20,"column":4},"end":{"line":20,"column":null}},"8":{"start":{"line":23,"column":2},"end":{"line":93,"column":null}},"9":{"start":{"line":49,"column":29},"end":{"line":49,"column":null}},"10":{"start":{"line":64,"column":16},"end":{"line":64,"column":null}},"11":{"start":{"line":90,"column":23},"end":{"line":90,"column":null}}},"fnMap":{"0":{"name":"(anonymous_0)","decl":{"start":{"line":10,"column":13},"end":{"line":10,"column":30}},"loc":{"start":{"line":10,"column":30},"end":{"line":95,"column":null}},"line":10},"1":{"name":"(anonymous_1)","decl":{"start":{"line":14,"column":8},"end":{"line":14,"column":35}},"loc":{"start":{"line":14,"column":35},"end":{"line":17,"column":null}},"line":14},"2":{"name":"(anonymous_2)","decl":{"start":{"line":19,"column":8},"end":{"line":19,"column":31}},"loc":{"start":{"line":19,"column":31},"end":{"line":21,"column":null}},"line":19},"3":{"name":"(anonymous_3)","decl":{"start":{"line":49,"column":14},"end":{"line":49,"column":29}},"loc":{"start":{"line":49,"column":29},"end":{"line":49,"column":null}},"line":49},"4":{"name":"(anonymous_4)","decl":{"start":{"line":63,"column":20},"end":{"line":63,"column":25}},"loc":{"start":{"line":64,"column":16},"end":{"line":64,"column":null}},"line":64},"5":{"name":"(anonymous_5)","decl":{"start":{"line":90,"column":8},"end":{"line":90,"column":23}},"loc":{"start":{"line":90,"column":23},"end":{"line":90,"column":null}},"line":90}},"branchMap":{"0":{"loc":{"start":{"line":47,"column":11},"end":{"line":55,"column":null}},"type":"binary-expr","locations":[{"start":{"line":47,"column":11},"end":{"line":47,"column":null}},{"start":{"line":48,"column":12},"end":{"line":55,"column":null}}],"line":47},"1":{"loc":{"start":{"line":62,"column":13},"end":{"line":67,"column":null}},"type":"cond-expr","locations":[{"start":{"line":63,"column":14},"end":{"line":65,"column":null}},{"start":{"line":67,"column":14},"end":{"line":67,"column":null}}],"line":62}},"s":{"0":1,"1":4,"2":4,"3":4,"4":0,"5":0,"6":4,"7":0,"8":4,"9":1,"10":2,"11":0},"f":{"0":4,"1":0,"2":0,"3":1,"4":2,"5":0},"b":{"0":[4,2],"1":[2,2]},"meta":{"lastBranch":2,"lastFunction":6,"lastStatement":12,"seen":{"s:10:13:95:Infinity":0,"f:10:13:10:30":0,"s:11:70:11:78":1,"s:12:40:12:Infinity":2,"s:14:8:17:Infinity":3,"f:14:8:14:35":1,"s:15:4:15:Infinity":4,"s:16:4:16:Infinity":5,"s:19:8:21:Infinity":6,"f:19:8:19:31":2,"s:20:4:20:Infinity":7,"s:23:2:93:Infinity":8,"b:47:11:47:Infinity:48:12:55:Infinity":0,"f:49:14:49:29":3,"s:49:29:49:Infinity":9,"b:63:14:65:Infinity:67:14:67:Infinity":1,"f:63:20:63:25":4,"s:64:16:64:Infinity":10,"f:90:8:90:23":5,"s:90:23:90:Infinity":11},"fnNames":{}}}
,"/home/maxi/proyectos/Primetech/frontend/src/pages/CatalogPage.tsx": {"path":"/home/maxi/proyectos/Primetech/frontend/src/pages/CatalogPage.tsx","statementMap":{"0":{"start":{"line":7,"column":13},"end":{"line":35,"column":null}},"1":{"start":{"line":8,"column":39},"end":{"line":8,"column":51}},"2":{"start":{"line":10,"column":2},"end":{"line":33,"column":null}}},"fnMap":{"0":{"name":"(anonymous_0)","decl":{"start":{"line":7,"column":13},"end":{"line":7,"column":33}},"loc":{"start":{"line":7,"column":33},"end":{"line":35,"column":null}},"line":7}},"branchMap":{},"s":{"0":1,"1":3,"2":3},"f":{"0":3},"b":{},"meta":{"lastBranch":0,"lastFunction":1,"lastStatement":3,"seen":{"s:7:13:35:Infinity":0,"f:7:13:7:33":0,"s:8:39:8:51":1,"s:10:2:33:Infinity":2},"fnNames":{}}}
,"/home/maxi/proyectos/Primetech/frontend/src/pages/ProductDetailPage.tsx": {"path":"/home/maxi/proyectos/Primetech/frontend/src/pages/ProductDetailPage.tsx","statementMap":{"0":{"start":{"line":10,"column":13},"end":{"line":70,"column":null}},"1":{"start":{"line":11,"column":17},"end":{"line":11,"column":43}},"2":{"start":{"line":12,"column":38},"end":{"line":12,"column":null}},"3":{"start":{"line":14,"column":2},"end":{"line":68,"column":null}}},"fnMap":{"0":{"name":"(anonymous_0)","decl":{"start":{"line":10,"column":13},"end":{"line":10,"column":39}},"loc":{"start":{"line":10,"column":39},"end":{"line":70,"column":null}},"line":10}},"branchMap":{"0":{"loc":{"start":{"line":19,"column":9},"end":{"line":63,"column":null}},"type":"cond-expr","locations":[{"start":{"line":20,"column":10},"end":{"line":24,"column":21}},{"start":{"line":24,"column":12},"end":{"line":63,"column":null}}],"line":19},"1":{"loc":{"start":{"line":24,"column":12},"end":{"line":63,"column":null}},"type":"cond-expr","locations":[{"start":{"line":25,"column":10},"end":{"line":37,"column":11}},{"start":{"line":37,"column":10},"end":{"line":63,"column":null}}],"line":24},"2":{"loc":{"start":{"line":24,"column":12},"end":{"line":24,"column":null}},"type":"binary-expr","locations":[{"start":{"line":24,"column":12},"end":{"line":24,"column":21}},{"start":{"line":24,"column":21},"end":{"line":24,"column":null}}],"line":24},"3":{"loc":{"start":{"line":27,"column":48},"end":{"line":27,"column":111}},"type":"binary-expr","locations":[{"start":{"line":27,"column":48},"end":{"line":27,"column":57}},{"start":{"line":27,"column":57},"end":{"line":27,"column":111}}],"line":27},"4":{"loc":{"start":{"line":45,"column":17},"end":{"line":45,"column":null}},"type":"binary-expr","locations":[{"start":{"line":45,"column":17},"end":{"line":45,"column":41}},{"start":{"line":45,"column":41},"end":{"line":45,"column":null}}],"line":45}},"s":{"0":1,"1":5,"2":5,"3":5},"f":{"0":5},"b":{"0":[3,2],"1":[1,1],"2":[2,1],"3":[1,0],"4":[1,0]},"meta":{"lastBranch":5,"lastFunction":1,"lastStatement":4,"seen":{"s:10:13:70:Infinity":0,"f:10:13:10:39":0,"s:11:17:11:43":1,"s:12:38:12:Infinity":2,"s:14:2:68:Infinity":3,"b:20:10:24:21:24:12:63:Infinity":0,"b:25:10:37:11:37:10:63:Infinity":1,"b:24:12:24:21:24:21:24:Infinity":2,"b:27:48:27:57:27:57:27:111":3,"b:45:17:45:41:45:41:45:Infinity":4},"fnNames":{}}}
,"/home/maxi/proyectos/Primetech/frontend/src/utils/formatCurrency.ts": {"path":"/home/maxi/proyectos/Primetech/frontend/src/utils/formatCurrency.ts","statementMap":{"0":{"start":{"line":1,"column":13},"end":{"line":7,"column":null}},"1":{"start":{"line":2,"column":2},"end":{"line":6,"column":null}}},"fnMap":{"0":{"name":"(anonymous_0)","decl":{"start":{"line":1,"column":13},"end":{"line":1,"column":31}},"loc":{"start":{"line":1,"column":58},"end":{"line":7,"column":null}},"line":1}},"branchMap":{},"s":{"0":9,"1":50},"f":{"0":50},"b":{},"meta":{"lastBranch":0,"lastFunction":1,"lastStatement":2,"seen":{"s:1:13:7:Infinity":0,"f:1:13:1:31":0,"s:2:2:6:Infinity":1},"fnNames":{}}}
}
